{"/Users/viktor/GITHUB/Aeon/components/accretion-disk.tsx": {"path":"/Users/viktor/GITHUB/Aeon/components/accretion-disk.tsx","statementMap":{"0":{"start":{"line":122,"column":16},"end":{"line":122,"column":30}},"1":{"start":{"line":3,"column":32},"end":{"line":3,"column":null}},"2":{"start":{"line":4,"column":25},"end":{"line":4,"column":null}},"3":{"start":{"line":5,"column":31},"end":{"line":5,"column":null}},"4":{"start":{"line":7,"column":23},"end":{"line":7,"column":null}},"5":{"start":{"line":26,"column":30},"end":{"line":94,"column":null}},"6":{"start":{"line":98,"column":0},"end":{"line":98,"column":null}},"7":{"start":{"line":128,"column":18},"end":{"line":128,"column":null}},"8":{"start":{"line":129,"column":22},"end":{"line":129,"column":null}},"9":{"start":{"line":132,"column":2},"end":{"line":143,"column":null}},"10":{"start":{"line":133,"column":4},"end":{"line":138,"column":null}},"11":{"start":{"line":134,"column":6},"end":{"line":134,"column":null}},"12":{"start":{"line":135,"column":6},"end":{"line":135,"column":null}},"13":{"start":{"line":136,"column":6},"end":{"line":136,"column":null}},"14":{"start":{"line":137,"column":6},"end":{"line":137,"column":null}},"15":{"start":{"line":140,"column":4},"end":{"line":142,"column":null}},"16":{"start":{"line":141,"column":6},"end":{"line":141,"column":null}},"17":{"start":{"line":146,"column":19},"end":{"line":148,"column":null}},"18":{"start":{"line":147,"column":4},"end":{"line":147,"column":null}}},"fnMap":{"0":{"name":"AccretionDisk","decl":{"start":{"line":122,"column":16},"end":{"line":122,"column":30}},"loc":{"start":{"line":127,"column":21},"end":{"line":160,"column":null}}},"1":{"name":"(anonymous_5)","decl":{"start":{"line":132,"column":11},"end":{"line":132,"column":null}},"loc":{"start":{"line":132,"column":11},"end":{"line":143,"column":null}}},"2":{"name":"(anonymous_6)","decl":{"start":{"line":146,"column":27},"end":{"line":146,"column":null}},"loc":{"start":{"line":146,"column":27},"end":{"line":148,"column":5}}}},"branchMap":{"0":{"loc":{"start":{"line":133,"column":4},"end":{"line":138,"column":null}},"type":"if","locations":[{"start":{"line":133,"column":4},"end":{"line":138,"column":null}}]},"1":{"loc":{"start":{"line":140,"column":4},"end":{"line":142,"column":null}},"type":"if","locations":[{"start":{"line":140,"column":4},"end":{"line":142,"column":null}}]}},"s":{"0":0,"1":0,"2":0,"3":0,"4":0,"5":0,"6":0,"7":0,"8":0,"9":0,"10":0,"11":0,"12":0,"13":0,"14":0,"15":0,"16":0,"17":0,"18":0},"f":{"0":0,"1":0,"2":0},"b":{"0":[0],"1":[0]}}
,"/Users/viktor/GITHUB/Aeon/components/aeon-landing.tsx": {"path":"/Users/viktor/GITHUB/Aeon/components/aeon-landing.tsx","statementMap":{"0":{"start":{"line":19,"column":16},"end":{"line":19,"column":null}},"1":{"start":{"line":3,"column":53},"end":{"line":3,"column":null}},"2":{"start":{"line":4,"column":17},"end":{"line":4,"column":null}},"3":{"start":{"line":5,"column":23},"end":{"line":5,"column":null}},"4":{"start":{"line":6,"column":34},"end":{"line":6,"column":null}},"5":{"start":{"line":7,"column":28},"end":{"line":7,"column":null}},"6":{"start":{"line":8,"column":33},"end":{"line":8,"column":null}},"7":{"start":{"line":9,"column":23},"end":{"line":9,"column":null}},"8":{"start":{"line":10,"column":39},"end":{"line":10,"column":null}},"9":{"start":{"line":11,"column":30},"end":{"line":11,"column":null}},"10":{"start":{"line":14,"column":22},"end":{"line":14,"column":null}},"11":{"start":{"line":30,"column":29},"end":{"line":30,"column":null}},"12":{"start":{"line":40,"column":8},"end":{"line":40,"column":null}},"13":{"start":{"line":53,"column":32},"end":{"line":53,"column":null}},"14":{"start":{"line":54,"column":40},"end":{"line":54,"column":null}},"15":{"start":{"line":55,"column":46},"end":{"line":55,"column":null}},"16":{"start":{"line":56,"column":44},"end":{"line":56,"column":null}},"17":{"start":{"line":57,"column":44},"end":{"line":57,"column":null}},"18":{"start":{"line":58,"column":42},"end":{"line":58,"column":null}},"19":{"start":{"line":61,"column":18},"end":{"line":61,"column":null}},"20":{"start":{"line":62,"column":27},"end":{"line":62,"column":null}},"21":{"start":{"line":63,"column":17},"end":{"line":63,"column":null}},"22":{"start":{"line":64,"column":22},"end":{"line":64,"column":null}},"23":{"start":{"line":65,"column":20},"end":{"line":65,"column":null}},"24":{"start":{"line":66,"column":19},"end":{"line":66,"column":null}},"25":{"start":{"line":69,"column":27},"end":{"line":69,"column":null}},"26":{"start":{"line":72,"column":2},"end":{"line":99,"column":null}},"27":{"start":{"line":73,"column":4},"end":{"line":73,"column":null}},"28":{"start":{"line":75,"column":28},"end":{"line":77,"column":null}},"29":{"start":{"line":76,"column":6},"end":{"line":76,"column":null}},"30":{"start":{"line":79,"column":4},"end":{"line":85,"column":null}},"31":{"start":{"line":81,"column":8},"end":{"line":81,"column":null}},"32":{"start":{"line":84,"column":8},"end":{"line":84,"column":null}},"33":{"start":{"line":88,"column":4},"end":{"line":98,"column":null}},"34":{"start":{"line":89,"column":6},"end":{"line":96,"column":null}},"35":{"start":{"line":91,"column":10},"end":{"line":91,"column":null}},"36":{"start":{"line":92,"column":10},"end":{"line":92,"column":null}},"37":{"start":{"line":95,"column":10},"end":{"line":95,"column":null}},"38":{"start":{"line":102,"column":2},"end":{"line":169,"column":null}},"39":{"start":{"line":104,"column":25},"end":{"line":104,"column":39}},"40":{"start":{"line":106,"column":24},"end":{"line":106,"column":38}},"41":{"start":{"line":108,"column":22},"end":{"line":108,"column":27}},"42":{"start":{"line":111,"column":25},"end":{"line":131,"column":null}},"43":{"start":{"line":113,"column":6},"end":{"line":113,"column":null}},"44":{"start":{"line":117,"column":6},"end":{"line":117,"column":null}},"45":{"start":{"line":120,"column":6},"end":{"line":120,"column":null}},"46":{"start":{"line":123,"column":6},"end":{"line":125,"column":null}},"47":{"start":{"line":124,"column":8},"end":{"line":124,"column":null}},"48":{"start":{"line":128,"column":6},"end":{"line":130,"column":null}},"49":{"start":{"line":129,"column":8},"end":{"line":129,"column":null}},"50":{"start":{"line":134,"column":20},"end":{"line":149,"column":null}},"51":{"start":{"line":136,"column":19},"end":{"line":136,"column":null}},"52":{"start":{"line":139,"column":6},"end":{"line":145,"column":null}},"53":{"start":{"line":141,"column":8},"end":{"line":141,"column":null}},"54":{"start":{"line":144,"column":8},"end":{"line":144,"column":null}},"55":{"start":{"line":148,"column":6},"end":{"line":148,"column":null}},"56":{"start":{"line":152,"column":4},"end":{"line":152,"column":null}},"57":{"start":{"line":155,"column":4},"end":{"line":155,"column":null}},"58":{"start":{"line":158,"column":4},"end":{"line":168,"column":null}},"59":{"start":{"line":159,"column":6},"end":{"line":159,"column":null}},"60":{"start":{"line":161,"column":6},"end":{"line":163,"column":null}},"61":{"start":{"line":162,"column":8},"end":{"line":162,"column":null}},"62":{"start":{"line":165,"column":6},"end":{"line":167,"column":null}},"63":{"start":{"line":166,"column":8},"end":{"line":166,"column":null}},"64":{"start":{"line":172,"column":25},"end":{"line":191,"column":null}},"65":{"start":{"line":174,"column":25},"end":{"line":174,"column":null}},"66":{"start":{"line":174,"column":40},"end":{"line":174,"column":null}},"67":{"start":{"line":177,"column":29},"end":{"line":177,"column":null}},"68":{"start":{"line":180,"column":26},"end":{"line":180,"column":null}},"69":{"start":{"line":181,"column":28},"end":{"line":181,"column":null}},"70":{"start":{"line":182,"column":31},"end":{"line":182,"column":null}},"71":{"start":{"line":183,"column":33},"end":{"line":183,"column":null}},"72":{"start":{"line":185,"column":4},"end":{"line":190,"column":null}},"73":{"start":{"line":194,"column":22},"end":{"line":238,"column":null}},"74":{"start":{"line":195,"column":4},"end":{"line":195,"column":null}},"75":{"start":{"line":196,"column":4},"end":{"line":196,"column":null}},"76":{"start":{"line":199,"column":4},"end":{"line":216,"column":null}},"77":{"start":{"line":200,"column":6},"end":{"line":214,"column":null}},"78":{"start":{"line":202,"column":10},"end":{"line":210,"column":null}},"79":{"start":{"line":203,"column":12},"end":{"line":203,"column":null}},"80":{"start":{"line":204,"column":12},"end":{"line":204,"column":null}},"81":{"start":{"line":205,"column":12},"end":{"line":205,"column":null}},"82":{"start":{"line":207,"column":12},"end":{"line":207,"column":null}},"83":{"start":{"line":209,"column":12},"end":{"line":209,"column":null}},"84":{"start":{"line":213,"column":10},"end":{"line":213,"column":null}},"85":{"start":{"line":218,"column":20},"end":{"line":234,"column":null}},"86":{"start":{"line":219,"column":6},"end":{"line":219,"column":null}},"87":{"start":{"line":220,"column":6},"end":{"line":220,"column":null}},"88":{"start":{"line":222,"column":6},"end":{"line":233,"column":null}},"89":{"start":{"line":223,"column":8},"end":{"line":231,"column":null}},"90":{"start":{"line":225,"column":12},"end":{"line":225,"column":null}},"91":{"start":{"line":226,"column":12},"end":{"line":226,"column":null}},"92":{"start":{"line":227,"column":12},"end":{"line":227,"column":null}},"93":{"start":{"line":230,"column":12},"end":{"line":230,"column":null}},"94":{"start":{"line":237,"column":4},"end":{"line":237,"column":null}},"95":{"start":{"line":365,"column":16},"end":{"line":377,"column":null}},"96":{"start":{"line":367,"column":44},"end":{"line":367,"column":null}},"97":{"start":{"line":368,"column":20},"end":{"line":373,"column":null}},"98":{"start":{"line":369,"column":22},"end":{"line":369,"column":null}},"99":{"start":{"line":370,"column":22},"end":{"line":370,"column":null}},"100":{"start":{"line":372,"column":22},"end":{"line":372,"column":null}},"101":{"start":{"line":376,"column":20},"end":{"line":376,"column":null}},"102":{"start":{"line":390,"column":25},"end":{"line":390,"column":null}},"103":{"start":{"line":455,"column":34},"end":{"line":455,"column":null}},"104":{"start":{"line":456,"column":34},"end":{"line":456,"column":null}},"105":{"start":{"line":523,"column":29},"end":{"line":523,"column":null}},"106":{"start":{"line":663,"column":16},"end":{"line":664,"column":null}},"107":{"start":{"line":666,"column":38},"end":{"line":666,"column":null}},"108":{"start":{"line":667,"column":38},"end":{"line":667,"column":null}},"109":{"start":{"line":695,"column":29},"end":{"line":695,"column":null}},"110":{"start":{"line":809,"column":31},"end":{"line":809,"column":null}},"111":{"start":{"line":863,"column":23},"end":{"line":863,"column":null}}},"fnMap":{"0":{"name":"AeonLanding","decl":{"start":{"line":19,"column":16},"end":{"line":19,"column":null}},"loc":{"start":{"line":19,"column":16},"end":{"line":46,"column":null}}},"1":{"name":"(anonymous_3)","decl":{"start":{"line":30,"column":23},"end":{"line":30,"column":29}},"loc":{"start":{"line":30,"column":29},"end":{"line":30,"column":null}}},"2":{"name":"(anonymous_4)","decl":{"start":{"line":39,"column":15},"end":{"line":39,"column":null}},"loc":{"start":{"line":39,"column":15},"end":{"line":41,"column":null}}},"3":{"name":"AeonLandingContent","decl":{"start":{"line":51,"column":9},"end":{"line":51,"column":null}},"loc":{"start":{"line":51,"column":9},"end":{"line":882,"column":null}}},"4":{"name":"(anonymous_6)","decl":{"start":{"line":72,"column":12},"end":{"line":72,"column":null}},"loc":{"start":{"line":72,"column":12},"end":{"line":99,"column":5}}},"5":{"name":"(anonymous_7)","decl":{"start":{"line":75,"column":28},"end":{"line":75,"column":29}},"loc":{"start":{"line":75,"column":29},"end":{"line":77,"column":null}}},"6":{"name":"(anonymous_8)","decl":{"start":{"line":80,"column":6},"end":{"line":80,"column":null}},"loc":{"start":{"line":80,"column":6},"end":{"line":82,"column":null}}},"7":{"name":"(anonymous_9)","decl":{"start":{"line":83,"column":6},"end":{"line":83,"column":null}},"loc":{"start":{"line":83,"column":6},"end":{"line":85,"column":null}}},"8":{"name":"(anonymous_10)","decl":{"start":{"line":88,"column":11},"end":{"line":88,"column":null}},"loc":{"start":{"line":88,"column":11},"end":{"line":98,"column":null}}},"9":{"name":"(anonymous_11)","decl":{"start":{"line":90,"column":8},"end":{"line":90,"column":null}},"loc":{"start":{"line":90,"column":8},"end":{"line":93,"column":null}}},"10":{"name":"(anonymous_12)","decl":{"start":{"line":94,"column":8},"end":{"line":94,"column":null}},"loc":{"start":{"line":94,"column":8},"end":{"line":96,"column":null}}},"11":{"name":"(anonymous_13)","decl":{"start":{"line":102,"column":12},"end":{"line":102,"column":null}},"loc":{"start":{"line":102,"column":12},"end":{"line":169,"column":5}}},"12":{"name":"(anonymous_14)","decl":{"start":{"line":111,"column":25},"end":{"line":111,"column":null}},"loc":{"start":{"line":111,"column":25},"end":{"line":131,"column":null}}},"13":{"name":"(anonymous_15)","decl":{"start":{"line":128,"column":44},"end":{"line":128,"column":null}},"loc":{"start":{"line":128,"column":44},"end":{"line":130,"column":9}}},"14":{"name":"(anonymous_16)","decl":{"start":{"line":134,"column":20},"end":{"line":134,"column":null}},"loc":{"start":{"line":134,"column":20},"end":{"line":149,"column":null}}},"15":{"name":"(anonymous_17)","decl":{"start":{"line":158,"column":11},"end":{"line":158,"column":null}},"loc":{"start":{"line":158,"column":11},"end":{"line":168,"column":null}}},"16":{"name":"(anonymous_18)","decl":{"start":{"line":172,"column":33},"end":{"line":172,"column":null}},"loc":{"start":{"line":172,"column":33},"end":{"line":191,"column":5}}},"17":{"name":"(anonymous_19)","decl":{"start":{"line":174,"column":25},"end":{"line":174,"column":26}},"loc":{"start":{"line":174,"column":40},"end":{"line":174,"column":null}}},"18":{"name":"(anonymous_20)","decl":{"start":{"line":194,"column":22},"end":{"line":194,"column":23}},"loc":{"start":{"line":194,"column":23},"end":{"line":238,"column":null}}},"19":{"name":"(anonymous_21)","decl":{"start":{"line":201,"column":8},"end":{"line":201,"column":null}},"loc":{"start":{"line":201,"column":8},"end":{"line":211,"column":null}}},"20":{"name":"(anonymous_22)","decl":{"start":{"line":212,"column":8},"end":{"line":212,"column":null}},"loc":{"start":{"line":212,"column":8},"end":{"line":214,"column":null}}},"21":{"name":"(anonymous_23)","decl":{"start":{"line":218,"column":31},"end":{"line":218,"column":null}},"loc":{"start":{"line":218,"column":31},"end":{"line":234,"column":7}}},"22":{"name":"(anonymous_24)","decl":{"start":{"line":224,"column":10},"end":{"line":224,"column":null}},"loc":{"start":{"line":224,"column":10},"end":{"line":228,"column":null}}},"23":{"name":"(anonymous_25)","decl":{"start":{"line":229,"column":10},"end":{"line":229,"column":null}},"loc":{"start":{"line":229,"column":10},"end":{"line":231,"column":null}}},"24":{"name":"(anonymous_26)","decl":{"start":{"line":364,"column":23},"end":{"line":364,"column":null}},"loc":{"start":{"line":364,"column":23},"end":{"line":379,"column":null}}},"25":{"name":"(anonymous_27)","decl":{"start":{"line":366,"column":18},"end":{"line":366,"column":null}},"loc":{"start":{"line":366,"column":18},"end":{"line":374,"column":null}}},"26":{"name":"(anonymous_28)","decl":{"start":{"line":375,"column":18},"end":{"line":375,"column":null}},"loc":{"start":{"line":375,"column":18},"end":{"line":377,"column":null}}},"27":{"name":"(anonymous_29)","decl":{"start":{"line":390,"column":19},"end":{"line":390,"column":25}},"loc":{"start":{"line":390,"column":25},"end":{"line":390,"column":null}}},"28":{"name":"(anonymous_30)","decl":{"start":{"line":455,"column":28},"end":{"line":455,"column":34}},"loc":{"start":{"line":455,"column":34},"end":{"line":455,"column":null}}},"29":{"name":"(anonymous_31)","decl":{"start":{"line":456,"column":28},"end":{"line":456,"column":34}},"loc":{"start":{"line":456,"column":34},"end":{"line":456,"column":null}}},"30":{"name":"(anonymous_32)","decl":{"start":{"line":523,"column":23},"end":{"line":523,"column":29}},"loc":{"start":{"line":523,"column":29},"end":{"line":523,"column":null}}},"31":{"name":"(anonymous_33)","decl":{"start":{"line":662,"column":29},"end":{"line":662,"column":null}},"loc":{"start":{"line":663,"column":16},"end":{"line":664,"column":null}}},"32":{"name":"(anonymous_34)","decl":{"start":{"line":666,"column":32},"end":{"line":666,"column":38}},"loc":{"start":{"line":666,"column":38},"end":{"line":666,"column":null}}},"33":{"name":"(anonymous_35)","decl":{"start":{"line":667,"column":32},"end":{"line":667,"column":38}},"loc":{"start":{"line":667,"column":38},"end":{"line":667,"column":null}}},"34":{"name":"(anonymous_36)","decl":{"start":{"line":695,"column":23},"end":{"line":695,"column":29}},"loc":{"start":{"line":695,"column":29},"end":{"line":695,"column":null}}},"35":{"name":"(anonymous_37)","decl":{"start":{"line":809,"column":25},"end":{"line":809,"column":31}},"loc":{"start":{"line":809,"column":31},"end":{"line":809,"column":null}}},"36":{"name":"(anonymous_38)","decl":{"start":{"line":863,"column":17},"end":{"line":863,"column":23}},"loc":{"start":{"line":863,"column":23},"end":{"line":863,"column":null}}}},"branchMap":{"0":{"loc":{"start":{"line":123,"column":6},"end":{"line":125,"column":null}},"type":"if","locations":[{"start":{"line":123,"column":6},"end":{"line":125,"column":null}}]},"1":{"loc":{"start":{"line":139,"column":6},"end":{"line":145,"column":null}},"type":"if","locations":[{"start":{"line":139,"column":6},"end":{"line":145,"column":null}}]},"2":{"loc":{"start":{"line":161,"column":6},"end":{"line":163,"column":null}},"type":"if","locations":[{"start":{"line":161,"column":6},"end":{"line":163,"column":null}}]},"3":{"loc":{"start":{"line":165,"column":6},"end":{"line":167,"column":null}},"type":"if","locations":[{"start":{"line":165,"column":6},"end":{"line":167,"column":null}}]},"4":{"loc":{"start":{"line":199,"column":4},"end":{"line":216,"column":null}},"type":"if","locations":[{"start":{"line":199,"column":4},"end":{"line":216,"column":null}}]},"5":{"loc":{"start":{"line":199,"column":8},"end":{"line":199,"column":49}},"type":"binary-expr","locations":[{"start":{"line":199,"column":8},"end":{"line":199,"column":33}},{"start":{"line":199,"column":33},"end":{"line":199,"column":49}}]},"6":{"loc":{"start":{"line":222,"column":6},"end":{"line":233,"column":null}},"type":"if","locations":[{"start":{"line":222,"column":6},"end":{"line":233,"column":null}}]},"7":{"loc":{"start":{"line":246,"column":10},"end":{"line":246,"column":null}},"type":"cond-expr","locations":[{"start":{"line":246,"column":26},"end":{"line":246,"column":53}},{"start":{"line":246,"column":53},"end":{"line":246,"column":null}}]},"8":{"loc":{"start":{"line":254,"column":9},"end":{"line":254,"column":null}},"type":"binary-expr","locations":[{"start":{"line":254,"column":9},"end":{"line":254,"column":null}}]},"9":{"loc":{"start":{"line":328,"column":24},"end":{"line":328,"column":null}},"type":"cond-expr","locations":[{"start":{"line":328,"column":38},"end":{"line":328,"column":61}},{"start":{"line":328,"column":61},"end":{"line":328,"column":null}}]},"10":{"loc":{"start":{"line":340,"column":24},"end":{"line":340,"column":null}},"type":"cond-expr","locations":[{"start":{"line":340,"column":38},"end":{"line":340,"column":61}},{"start":{"line":340,"column":61},"end":{"line":340,"column":null}}]},"11":{"loc":{"start":{"line":368,"column":20},"end":{"line":373,"column":null}},"type":"if","locations":[{"start":{"line":368,"column":20},"end":{"line":373,"column":null}},{"start":{"line":371,"column":27},"end":{"line":373,"column":null}}]},"12":{"loc":{"start":{"line":681,"column":23},"end":{"line":685,"column":null}},"type":"cond-expr","locations":[{"start":{"line":682,"column":26},"end":{"line":682,"column":null}},{"start":{"line":683,"column":26},"end":{"line":685,"column":null}}]},"13":{"loc":{"start":{"line":683,"column":26},"end":{"line":685,"column":null}},"type":"cond-expr","locations":[{"start":{"line":684,"column":28},"end":{"line":684,"column":null}},{"start":{"line":685,"column":28},"end":{"line":685,"column":null}}]},"14":{"loc":{"start":{"line":797,"column":7},"end":{"line":797,"column":null}},"type":"binary-expr","locations":[{"start":{"line":797,"column":7},"end":{"line":797,"column":null}}]},"15":{"loc":{"start":{"line":802,"column":17},"end":{"line":806,"column":null}},"type":"cond-expr","locations":[{"start":{"line":803,"column":20},"end":{"line":803,"column":null}},{"start":{"line":804,"column":20},"end":{"line":806,"column":null}}]},"16":{"loc":{"start":{"line":804,"column":20},"end":{"line":806,"column":null}},"type":"cond-expr","locations":[{"start":{"line":805,"column":22},"end":{"line":805,"column":null}},{"start":{"line":806,"column":22},"end":{"line":806,"column":null}}]},"17":{"loc":{"start":{"line":827,"column":16},"end":{"line":832,"column":36}},"type":"cond-expr","locations":[{"start":{"line":827,"column":16},"end":{"line":832,"column":36}}]},"18":{"loc":{"start":{"line":833,"column":16},"end":{"line":849,"column":17}},"type":"cond-expr","locations":[{"start":{"line":833,"column":16},"end":{"line":849,"column":17}}]},"19":{"loc":{"start":{"line":839,"column":19},"end":{"line":839,"column":null}},"type":"binary-expr","locations":[{"start":{"line":839,"column":19},"end":{"line":839,"column":null}}]}},"s":{"0":0,"1":0,"2":0,"3":0,"4":0,"5":0,"6":0,"7":0,"8":0,"9":0,"10":0,"11":0,"12":0,"13":0,"14":0,"15":0,"16":0,"17":0,"18":0,"19":0,"20":0,"21":0,"22":0,"23":0,"24":0,"25":0,"26":0,"27":0,"28":0,"29":0,"30":0,"31":0,"32":0,"33":0,"34":0,"35":0,"36":0,"37":0,"38":0,"39":0,"40":0,"41":0,"42":0,"43":0,"44":0,"45":0,"46":0,"47":0,"48":0,"49":0,"50":0,"51":0,"52":0,"53":0,"54":0,"55":0,"56":0,"57":0,"58":0,"59":0,"60":0,"61":0,"62":0,"63":0,"64":0,"65":0,"66":0,"67":0,"68":0,"69":0,"70":0,"71":0,"72":0,"73":0,"74":0,"75":0,"76":0,"77":0,"78":0,"79":0,"80":0,"81":0,"82":0,"83":0,"84":0,"85":0,"86":0,"87":0,"88":0,"89":0,"90":0,"91":0,"92":0,"93":0,"94":0,"95":0,"96":0,"97":0,"98":0,"99":0,"100":0,"101":0,"102":0,"103":0,"104":0,"105":0,"106":0,"107":0,"108":0,"109":0,"110":0,"111":0},"f":{"0":0,"1":0,"2":0,"3":0,"4":0,"5":0,"6":0,"7":0,"8":0,"9":0,"10":0,"11":0,"12":0,"13":0,"14":0,"15":0,"16":0,"17":0,"18":0,"19":0,"20":0,"21":0,"22":0,"23":0,"24":0,"25":0,"26":0,"27":0,"28":0,"29":0,"30":0,"31":0,"32":0,"33":0,"34":0,"35":0,"36":0},"b":{"0":[0],"1":[0],"2":[0],"3":[0],"4":[0],"5":[0,0],"6":[0],"7":[0,0],"8":[0],"9":[0,0],"10":[0,0],"11":[0,0],"12":[0,0],"13":[0,0],"14":[0],"15":[0,0],"16":[0,0],"17":[0],"18":[0],"19":[0]}}
,"/Users/viktor/GITHUB/Aeon/components/aeon-portal.tsx": {"path":"/Users/viktor/GITHUB/Aeon/components/aeon-portal.tsx","statementMap":{"0":{"start":{"line":13,"column":16},"end":{"line":13,"column":27}},"1":{"start":{"line":3,"column":43},"end":{"line":3,"column":null}},"2":{"start":{"line":4,"column":43},"end":{"line":4,"column":null}},"3":{"start":{"line":5,"column":28},"end":{"line":5,"column":null}},"4":{"start":{"line":7,"column":23},"end":{"line":7,"column":null}},"5":{"start":{"line":14,"column":21},"end":{"line":14,"column":null}},"6":{"start":{"line":16,"column":2},"end":{"line":20,"column":null}},"7":{"start":{"line":17,"column":4},"end":{"line":19,"column":null}},"8":{"start":{"line":18,"column":6},"end":{"line":18,"column":null}},"9":{"start":{"line":41,"column":20},"end":{"line":41,"column":null}},"10":{"start":{"line":42,"column":23},"end":{"line":42,"column":null}},"11":{"start":{"line":43,"column":23},"end":{"line":43,"column":null}},"12":{"start":{"line":44,"column":23},"end":{"line":44,"column":34}},"13":{"start":{"line":47,"column":25},"end":{"line":55,"column":null}},"14":{"start":{"line":58,"column":26},"end":{"line":58,"column":null}},"15":{"start":{"line":61,"column":21},"end":{"line":67,"column":null}},"16":{"start":{"line":62,"column":4},"end":{"line":66,"column":null}},"17":{"start":{"line":70,"column":20},"end":{"line":199,"column":null}},"18":{"start":{"line":72,"column":30},"end":{"line":125,"column":null}},"19":{"start":{"line":128,"column":31},"end":{"line":158,"column":null}},"20":{"start":{"line":161,"column":30},"end":{"line":196,"column":null}},"21":{"start":{"line":198,"column":4},"end":{"line":198,"column":null}},"22":{"start":{"line":202,"column":2},"end":{"line":265,"column":null}},"23":{"start":{"line":203,"column":17},"end":{"line":203,"column":null}},"24":{"start":{"line":204,"column":22},"end":{"line":204,"column":null}},"25":{"start":{"line":207,"column":24},"end":{"line":207,"column":null}},"26":{"start":{"line":208,"column":4},"end":{"line":211,"column":null}},"27":{"start":{"line":209,"column":6},"end":{"line":209,"column":null}},"28":{"start":{"line":210,"column":6},"end":{"line":210,"column":null}},"29":{"start":{"line":214,"column":27},"end":{"line":214,"column":71}},"30":{"start":{"line":215,"column":4},"end":{"line":215,"column":null}},"31":{"start":{"line":219,"column":6},"end":{"line":219,"column":null}},"32":{"start":{"line":221,"column":6},"end":{"line":221,"column":null}},"33":{"start":{"line":223,"column":6},"end":{"line":223,"column":null}},"34":{"start":{"line":224,"column":32},"end":{"line":224,"column":null}},"35":{"start":{"line":227,"column":27},"end":{"line":227,"column":32}},"36":{"start":{"line":228,"column":31},"end":{"line":228,"column":null}},"37":{"start":{"line":231,"column":4},"end":{"line":231,"column":null}},"38":{"start":{"line":234,"column":28},"end":{"line":234,"column":46}},"39":{"start":{"line":235,"column":4},"end":{"line":236,"column":null}},"40":{"start":{"line":239,"column":4},"end":{"line":239,"column":null}},"41":{"start":{"line":240,"column":4},"end":{"line":240,"column":null}},"42":{"start":{"line":243,"column":4},"end":{"line":244,"column":null}},"43":{"start":{"line":247,"column":4},"end":{"line":247,"column":null}},"44":{"start":{"line":248,"column":4},"end":{"line":248,"column":null}},"45":{"start":{"line":249,"column":4},"end":{"line":249,"column":null}},"46":{"start":{"line":250,"column":4},"end":{"line":250,"column":null}},"47":{"start":{"line":253,"column":4},"end":{"line":256,"column":null}},"48":{"start":{"line":254,"column":6},"end":{"line":254,"column":null}},"49":{"start":{"line":255,"column":6},"end":{"line":255,"column":null}},"50":{"start":{"line":258,"column":4},"end":{"line":260,"column":null}},"51":{"start":{"line":259,"column":6},"end":{"line":259,"column":null}},"52":{"start":{"line":262,"column":4},"end":{"line":264,"column":null}},"53":{"start":{"line":263,"column":6},"end":{"line":263,"column":null}},"54":{"start":{"line":268,"column":2},"end":{"line":274,"column":null}},"55":{"start":{"line":269,"column":4},"end":{"line":273,"column":null}},"56":{"start":{"line":271,"column":6},"end":{"line":271,"column":null}},"57":{"start":{"line":271,"column":52},"end":{"line":271,"column":null}},"58":{"start":{"line":272,"column":6},"end":{"line":272,"column":null}},"59":{"start":{"line":272,"column":51},"end":{"line":272,"column":null}},"60":{"start":{"line":277,"column":24},"end":{"line":297,"column":null}},"61":{"start":{"line":278,"column":22},"end":{"line":278,"column":null}},"62":{"start":{"line":279,"column":18},"end":{"line":279,"column":null}},"63":{"start":{"line":281,"column":4},"end":{"line":286,"column":null}},"64":{"start":{"line":281,"column":17},"end":{"line":281,"column":20}},"65":{"start":{"line":282,"column":6},"end":{"line":282,"column":null}},"66":{"start":{"line":283,"column":6},"end":{"line":283,"column":null}},"67":{"start":{"line":284,"column":6},"end":{"line":284,"column":null}}},"fnMap":{"0":{"name":"AeonPortal","decl":{"start":{"line":13,"column":16},"end":{"line":13,"column":27}},"loc":{"start":{"line":13,"column":55},"end":{"line":38,"column":null}}},"1":{"name":"(anonymous_5)","decl":{"start":{"line":16,"column":12},"end":{"line":16,"column":null}},"loc":{"start":{"line":16,"column":12},"end":{"line":20,"column":5}}},"2":{"name":"(anonymous_6)","decl":{"start":{"line":17,"column":11},"end":{"line":17,"column":null}},"loc":{"start":{"line":17,"column":11},"end":{"line":19,"column":null}}},"3":{"name":"PortalEffect","decl":{"start":{"line":40,"column":9},"end":{"line":40,"column":22}},"loc":{"start":{"line":40,"column":54},"end":{"line":328,"column":null}}},"4":{"name":"(anonymous_8)","decl":{"start":{"line":61,"column":29},"end":{"line":61,"column":null}},"loc":{"start":{"line":61,"column":29},"end":{"line":67,"column":5}}},"5":{"name":"(anonymous_9)","decl":{"start":{"line":70,"column":28},"end":{"line":70,"column":null}},"loc":{"start":{"line":70,"column":28},"end":{"line":199,"column":5}}},"6":{"name":"(anonymous_10)","decl":{"start":{"line":202,"column":11},"end":{"line":202,"column":null}},"loc":{"start":{"line":202,"column":11},"end":{"line":265,"column":null}}},"7":{"name":"(anonymous_11)","decl":{"start":{"line":268,"column":12},"end":{"line":268,"column":null}},"loc":{"start":{"line":268,"column":12},"end":{"line":274,"column":5}}},"8":{"name":"(anonymous_12)","decl":{"start":{"line":269,"column":11},"end":{"line":269,"column":null}},"loc":{"start":{"line":269,"column":11},"end":{"line":273,"column":null}}},"9":{"name":"(anonymous_13)","decl":{"start":{"line":271,"column":40},"end":{"line":271,"column":52}},"loc":{"start":{"line":271,"column":52},"end":{"line":271,"column":null}}},"10":{"name":"(anonymous_14)","decl":{"start":{"line":272,"column":39},"end":{"line":272,"column":51}},"loc":{"start":{"line":272,"column":51},"end":{"line":272,"column":null}}},"11":{"name":"(anonymous_15)","decl":{"start":{"line":277,"column":32},"end":{"line":277,"column":null}},"loc":{"start":{"line":277,"column":32},"end":{"line":297,"column":5}}}},"branchMap":{"0":{"loc":{"start":{"line":208,"column":4},"end":{"line":211,"column":null}},"type":"if","locations":[{"start":{"line":208,"column":4},"end":{"line":211,"column":null}}]},"1":{"loc":{"start":{"line":253,"column":4},"end":{"line":256,"column":null}},"type":"if","locations":[{"start":{"line":253,"column":4},"end":{"line":256,"column":null}}]},"2":{"loc":{"start":{"line":258,"column":4},"end":{"line":260,"column":null}},"type":"if","locations":[{"start":{"line":258,"column":4},"end":{"line":260,"column":null}}]},"3":{"loc":{"start":{"line":262,"column":4},"end":{"line":264,"column":null}},"type":"if","locations":[{"start":{"line":262,"column":4},"end":{"line":264,"column":null}}]}},"s":{"0":0,"1":0,"2":0,"3":0,"4":0,"5":0,"6":0,"7":0,"8":0,"9":0,"10":0,"11":0,"12":0,"13":0,"14":0,"15":0,"16":0,"17":0,"18":0,"19":0,"20":0,"21":0,"22":0,"23":0,"24":0,"25":0,"26":0,"27":0,"28":0,"29":0,"30":0,"31":0,"32":0,"33":0,"34":0,"35":0,"36":0,"37":0,"38":0,"39":0,"40":0,"41":0,"42":0,"43":0,"44":0,"45":0,"46":0,"47":0,"48":0,"49":0,"50":0,"51":0,"52":0,"53":0,"54":0,"55":0,"56":0,"57":0,"58":0,"59":0,"60":0,"61":0,"62":0,"63":0,"64":0,"65":0,"66":0,"67":0},"f":{"0":0,"1":0,"2":0,"3":0,"4":0,"5":0,"6":0,"7":0,"8":0,"9":0,"10":0,"11":0},"b":{"0":[0],"1":[0],"2":[0],"3":[0]}}
,"/Users/viktor/GITHUB/Aeon/components/black-hole-controls.tsx": {"path":"/Users/viktor/GITHUB/Aeon/components/black-hole-controls.tsx","statementMap":{"0":{"start":{"line":16,"column":16},"end":{"line":16,"column":34}},"1":{"start":{"line":3,"column":23},"end":{"line":3,"column":null}},"2":{"start":{"line":4,"column":22},"end":{"line":4,"column":null}},"3":{"start":{"line":5,"column":74},"end":{"line":5,"column":null}},"4":{"start":{"line":47,"column":38},"end":{"line":47,"column":null}},"5":{"start":{"line":65,"column":38},"end":{"line":65,"column":null}},"6":{"start":{"line":83,"column":38},"end":{"line":83,"column":null}}},"fnMap":{"0":{"name":"BlackHoleControls","decl":{"start":{"line":16,"column":16},"end":{"line":16,"column":34}},"loc":{"start":{"line":23,"column":25},"end":{"line":95,"column":null}}},"1":{"name":"(anonymous_2)","decl":{"start":{"line":47,"column":29},"end":{"line":47,"column":38}},"loc":{"start":{"line":47,"column":38},"end":{"line":47,"column":null}}},"2":{"name":"(anonymous_3)","decl":{"start":{"line":65,"column":29},"end":{"line":65,"column":38}},"loc":{"start":{"line":65,"column":38},"end":{"line":65,"column":null}}},"3":{"name":"(anonymous_4)","decl":{"start":{"line":83,"column":29},"end":{"line":83,"column":38}},"loc":{"start":{"line":83,"column":38},"end":{"line":83,"column":null}}}},"branchMap":{},"s":{"0":0,"1":0,"2":0,"3":0,"4":0,"5":0,"6":0},"f":{"0":0,"1":0,"2":0,"3":0},"b":{}}
,"/Users/viktor/GITHUB/Aeon/components/black-hole-effect.tsx": {"path":"/Users/viktor/GITHUB/Aeon/components/black-hole-effect.tsx","statementMap":{"0":{"start":{"line":5,"column":16},"end":{"line":5,"column":null}},"1":{"start":{"line":3,"column":34},"end":{"line":3,"column":null}},"2":{"start":{"line":6,"column":20},"end":{"line":6,"column":null}},"3":{"start":{"line":8,"column":2},"end":{"line":125,"column":null}},"4":{"start":{"line":9,"column":19},"end":{"line":9,"column":36}},"5":{"start":{"line":10,"column":4},"end":{"line":10,"column":null}},"6":{"start":{"line":10,"column":17},"end":{"line":10,"column":null}},"7":{"start":{"line":12,"column":16},"end":{"line":12,"column":null}},"8":{"start":{"line":13,"column":4},"end":{"line":13,"column":null}},"9":{"start":{"line":13,"column":14},"end":{"line":13,"column":null}},"10":{"start":{"line":16,"column":32},"end":{"line":24,"column":null}},"11":{"start":{"line":17,"column":18},"end":{"line":17,"column":null}},"12":{"start":{"line":18,"column":19},"end":{"line":18,"column":null}},"13":{"start":{"line":20,"column":6},"end":{"line":20,"column":null}},"14":{"start":{"line":21,"column":6},"end":{"line":21,"column":null}},"15":{"start":{"line":23,"column":6},"end":{"line":23,"column":null}},"16":{"start":{"line":26,"column":4},"end":{"line":26,"column":null}},"17":{"start":{"line":27,"column":4},"end":{"line":27,"column":null}},"18":{"start":{"line":31,"column":15},"end":{"line":31,"column":null}},"19":{"start":{"line":34,"column":17},"end":{"line":117,"column":null}},"20":{"start":{"line":35,"column":20},"end":{"line":35,"column":58}},"21":{"start":{"line":36,"column":21},"end":{"line":36,"column":60}},"22":{"start":{"line":37,"column":22},"end":{"line":37,"column":null}},"23":{"start":{"line":38,"column":22},"end":{"line":38,"column":38}},"24":{"start":{"line":41,"column":6},"end":{"line":41,"column":null}},"25":{"start":{"line":44,"column":28},"end":{"line":44,"column":null}},"26":{"start":{"line":45,"column":6},"end":{"line":45,"column":null}},"27":{"start":{"line":46,"column":6},"end":{"line":46,"column":null}},"28":{"start":{"line":47,"column":6},"end":{"line":47,"column":null}},"29":{"start":{"line":48,"column":6},"end":{"line":48,"column":null}},"30":{"start":{"line":50,"column":6},"end":{"line":50,"column":null}},"31":{"start":{"line":51,"column":6},"end":{"line":51,"column":null}},"32":{"start":{"line":52,"column":6},"end":{"line":52,"column":null}},"33":{"start":{"line":53,"column":6},"end":{"line":53,"column":null}},"34":{"start":{"line":56,"column":24},"end":{"line":56,"column":null}},"35":{"start":{"line":59,"column":6},"end":{"line":59,"column":null}},"36":{"start":{"line":60,"column":6},"end":{"line":60,"column":null}},"37":{"start":{"line":61,"column":6},"end":{"line":61,"column":null}},"38":{"start":{"line":62,"column":6},"end":{"line":62,"column":null}},"39":{"start":{"line":63,"column":6},"end":{"line":63,"column":null}},"40":{"start":{"line":66,"column":28},"end":{"line":72,"column":null}},"41":{"start":{"line":74,"column":6},"end":{"line":74,"column":null}},"42":{"start":{"line":75,"column":6},"end":{"line":75,"column":null}},"43":{"start":{"line":76,"column":6},"end":{"line":76,"column":null}},"44":{"start":{"line":77,"column":6},"end":{"line":77,"column":null}},"45":{"start":{"line":80,"column":6},"end":{"line":80,"column":null}},"46":{"start":{"line":81,"column":6},"end":{"line":81,"column":null}},"47":{"start":{"line":82,"column":6},"end":{"line":82,"column":null}},"48":{"start":{"line":83,"column":6},"end":{"line":83,"column":null}},"49":{"start":{"line":86,"column":27},"end":{"line":86,"column":null}},"50":{"start":{"line":87,"column":6},"end":{"line":101,"column":null}},"51":{"start":{"line":87,"column":19},"end":{"line":87,"column":22}},"52":{"start":{"line":88,"column":22},"end":{"line":88,"column":45}},"53":{"start":{"line":89,"column":25},"end":{"line":89,"column":null}},"54":{"start":{"line":91,"column":18},"end":{"line":91,"column":null}},"55":{"start":{"line":92,"column":18},"end":{"line":92,"column":null}},"56":{"start":{"line":94,"column":21},"end":{"line":94,"column":null}},"57":{"start":{"line":95,"column":24},"end":{"line":95,"column":null}},"58":{"start":{"line":97,"column":8},"end":{"line":97,"column":null}},"59":{"start":{"line":98,"column":8},"end":{"line":98,"column":null}},"60":{"start":{"line":99,"column":8},"end":{"line":99,"column":null}},"61":{"start":{"line":100,"column":8},"end":{"line":100,"column":null}},"62":{"start":{"line":104,"column":25},"end":{"line":104,"column":null}},"63":{"start":{"line":105,"column":24},"end":{"line":105,"column":null}},"64":{"start":{"line":106,"column":30},"end":{"line":106,"column":null}},"65":{"start":{"line":108,"column":6},"end":{"line":108,"column":null}},"66":{"start":{"line":109,"column":6},"end":{"line":109,"column":null}},"67":{"start":{"line":110,"column":6},"end":{"line":110,"column":null}},"68":{"start":{"line":111,"column":6},"end":{"line":111,"column":null}},"69":{"start":{"line":112,"column":6},"end":{"line":112,"column":null}},"70":{"start":{"line":115,"column":6},"end":{"line":115,"column":null}},"71":{"start":{"line":116,"column":6},"end":{"line":116,"column":null}},"72":{"start":{"line":119,"column":4},"end":{"line":119,"column":null}},"73":{"start":{"line":121,"column":4},"end":{"line":124,"column":null}},"74":{"start":{"line":122,"column":6},"end":{"line":122,"column":null}},"75":{"start":{"line":123,"column":6},"end":{"line":123,"column":null}}},"fnMap":{"0":{"name":"BlackHoleEffect","decl":{"start":{"line":5,"column":16},"end":{"line":5,"column":null}},"loc":{"start":{"line":5,"column":16},"end":{"line":136,"column":null}}},"1":{"name":"(anonymous_2)","decl":{"start":{"line":8,"column":12},"end":{"line":8,"column":null}},"loc":{"start":{"line":8,"column":12},"end":{"line":125,"column":5}}},"2":{"name":"(anonymous_3)","decl":{"start":{"line":16,"column":32},"end":{"line":16,"column":null}},"loc":{"start":{"line":16,"column":32},"end":{"line":24,"column":null}}},"3":{"name":"(anonymous_4)","decl":{"start":{"line":34,"column":17},"end":{"line":34,"column":null}},"loc":{"start":{"line":34,"column":17},"end":{"line":117,"column":null}}},"4":{"name":"(anonymous_5)","decl":{"start":{"line":121,"column":11},"end":{"line":121,"column":null}},"loc":{"start":{"line":121,"column":11},"end":{"line":124,"column":null}}}},"branchMap":{"0":{"loc":{"start":{"line":10,"column":4},"end":{"line":10,"column":null}},"type":"if","locations":[{"start":{"line":10,"column":4},"end":{"line":10,"column":null}}]},"1":{"loc":{"start":{"line":13,"column":4},"end":{"line":13,"column":null}},"type":"if","locations":[{"start":{"line":13,"column":4},"end":{"line":13,"column":null}}]},"2":{"loc":{"start":{"line":17,"column":18},"end":{"line":17,"column":null}},"type":"binary-expr","locations":[{"start":{"line":17,"column":18},"end":{"line":17,"column":41}},{"start":{"line":17,"column":45},"end":{"line":17,"column":null}}]}},"s":{"0":0,"1":0,"2":0,"3":0,"4":0,"5":0,"6":0,"7":0,"8":0,"9":0,"10":0,"11":0,"12":0,"13":0,"14":0,"15":0,"16":0,"17":0,"18":0,"19":0,"20":0,"21":0,"22":0,"23":0,"24":0,"25":0,"26":0,"27":0,"28":0,"29":0,"30":0,"31":0,"32":0,"33":0,"34":0,"35":0,"36":0,"37":0,"38":0,"39":0,"40":0,"41":0,"42":0,"43":0,"44":0,"45":0,"46":0,"47":0,"48":0,"49":0,"50":0,"51":0,"52":0,"53":0,"54":0,"55":0,"56":0,"57":0,"58":0,"59":0,"60":0,"61":0,"62":0,"63":0,"64":0,"65":0,"66":0,"67":0,"68":0,"69":0,"70":0,"71":0,"72":0,"73":0,"74":0,"75":0},"f":{"0":0,"1":0,"2":0,"3":0,"4":0},"b":{"0":[0],"1":[0],"2":[0,0]}}
,"/Users/viktor/GITHUB/Aeon/components/black-hole-scene.tsx": {"path":"/Users/viktor/GITHUB/Aeon/components/black-hole-scene.tsx","statementMap":{"0":{"start":{"line":20,"column":16},"end":{"line":20,"column":31}},"1":{"start":{"line":3,"column":66},"end":{"line":3,"column":null}},"2":{"start":{"line":4,"column":43},"end":{"line":4,"column":null}},"3":{"start":{"line":5,"column":67},"end":{"line":5,"column":null}},"4":{"start":{"line":6,"column":23},"end":{"line":6,"column":null}},"5":{"start":{"line":7,"column":23},"end":{"line":7,"column":null}},"6":{"start":{"line":8,"column":30},"end":{"line":8,"column":null}},"7":{"start":{"line":15,"column":20},"end":{"line":15,"column":null}},"8":{"start":{"line":39,"column":21},"end":{"line":39,"column":null}},"9":{"start":{"line":42,"column":36},"end":{"line":42,"column":null}},"10":{"start":{"line":44,"column":2},"end":{"line":51,"column":null}},"11":{"start":{"line":45,"column":4},"end":{"line":45,"column":null}},"12":{"start":{"line":47,"column":4},"end":{"line":50,"column":null}},"13":{"start":{"line":48,"column":6},"end":{"line":48,"column":null}},"14":{"start":{"line":49,"column":6},"end":{"line":49,"column":null}},"15":{"start":{"line":54,"column":2},"end":{"line":56,"column":null}},"16":{"start":{"line":55,"column":4},"end":{"line":55,"column":null}},"17":{"start":{"line":70,"column":22},"end":{"line":70,"column":null}},"18":{"start":{"line":71,"column":8},"end":{"line":71,"column":null}},"19":{"start":{"line":72,"column":8},"end":{"line":72,"column":null}},"20":{"start":{"line":82,"column":10},"end":{"line":82,"column":null}},"21":{"start":{"line":83,"column":10},"end":{"line":89,"column":null}},"22":{"start":{"line":85,"column":24},"end":{"line":85,"column":null}},"23":{"start":{"line":86,"column":12},"end":{"line":87,"column":null}},"24":{"start":{"line":105,"column":32},"end":{"line":105,"column":null}},"25":{"start":{"line":106,"column":32},"end":{"line":106,"column":null}},"26":{"start":{"line":108,"column":18},"end":{"line":110,"column":null}},"27":{"start":{"line":109,"column":4},"end":{"line":109,"column":null}},"28":{"start":{"line":113,"column":2},"end":{"line":129,"column":null}},"29":{"start":{"line":114,"column":35},"end":{"line":121,"column":null}},"30":{"start":{"line":115,"column":6},"end":{"line":120,"column":null}},"31":{"start":{"line":117,"column":8},"end":{"line":117,"column":null}},"32":{"start":{"line":119,"column":8},"end":{"line":119,"column":null}},"33":{"start":{"line":123,"column":4},"end":{"line":123,"column":null}},"34":{"start":{"line":125,"column":4},"end":{"line":128,"column":null}},"35":{"start":{"line":126,"column":6},"end":{"line":126,"column":null}},"36":{"start":{"line":127,"column":6},"end":{"line":127,"column":null}},"37":{"start":{"line":132,"column":2},"end":{"line":147,"column":null}},"38":{"start":{"line":134,"column":25},"end":{"line":142,"column":null}},"39":{"start":{"line":135,"column":24},"end":{"line":135,"column":43}},"40":{"start":{"line":136,"column":23},"end":{"line":137,"column":null}},"41":{"start":{"line":139,"column":26},"end":{"line":139,"column":null}},"42":{"start":{"line":141,"column":6},"end":{"line":141,"column":null}},"43":{"start":{"line":144,"column":4},"end":{"line":146,"column":null}},"44":{"start":{"line":145,"column":6},"end":{"line":145,"column":null}},"45":{"start":{"line":156,"column":23},"end":{"line":156,"column":null}},"46":{"start":{"line":157,"column":18},"end":{"line":157,"column":null}},"47":{"start":{"line":158,"column":18},"end":{"line":158,"column":null}},"48":{"start":{"line":159,"column":23},"end":{"line":159,"column":34}},"49":{"start":{"line":162,"column":25},"end":{"line":169,"column":null}},"50":{"start":{"line":172,"column":26},"end":{"line":172,"column":null}},"51":{"start":{"line":175,"column":21},"end":{"line":185,"column":null}},"52":{"start":{"line":177,"column":25},"end":{"line":177,"column":null}},"53":{"start":{"line":178,"column":23},"end":{"line":178,"column":null}},"54":{"start":{"line":180,"column":4},"end":{"line":184,"column":null}},"55":{"start":{"line":188,"column":22},"end":{"line":188,"column":null}},"56":{"start":{"line":191,"column":2},"end":{"line":195,"column":null}},"57":{"start":{"line":192,"column":4},"end":{"line":194,"column":null}},"58":{"start":{"line":193,"column":6},"end":{"line":193,"column":null}},"59":{"start":{"line":198,"column":20},"end":{"line":433,"column":null}},"60":{"start":{"line":200,"column":40},"end":{"line":260,"column":null}},"61":{"start":{"line":201,"column":6},"end":{"line":222,"column":null}},"62":{"start":{"line":202,"column":8},"end":{"line":221,"column":null}},"63":{"start":{"line":224,"column":6},"end":{"line":259,"column":null}},"64":{"start":{"line":262,"column":30},"end":{"line":282,"column":null}},"65":{"start":{"line":285,"column":36},"end":{"line":338,"column":null}},"66":{"start":{"line":286,"column":6},"end":{"line":303,"column":null}},"67":{"start":{"line":287,"column":8},"end":{"line":302,"column":null}},"68":{"start":{"line":305,"column":6},"end":{"line":337,"column":null}},"69":{"start":{"line":340,"column":25},"end":{"line":357,"column":null}},"70":{"start":{"line":360,"column":36},"end":{"line":407,"column":null}},"71":{"start":{"line":361,"column":6},"end":{"line":379,"column":null}},"72":{"start":{"line":362,"column":8},"end":{"line":378,"column":null}},"73":{"start":{"line":381,"column":6},"end":{"line":406,"column":null}},"74":{"start":{"line":409,"column":25},"end":{"line":430,"column":null}},"75":{"start":{"line":432,"column":4},"end":{"line":432,"column":null}},"76":{"start":{"line":436,"column":25},"end":{"line":451,"column":null}},"77":{"start":{"line":438,"column":22},"end":{"line":438,"column":null}},"78":{"start":{"line":454,"column":2},"end":{"line":514,"column":null}},"79":{"start":{"line":455,"column":17},"end":{"line":455,"column":null}},"80":{"start":{"line":456,"column":22},"end":{"line":456,"column":null}},"81":{"start":{"line":459,"column":24},"end":{"line":459,"column":null}},"82":{"start":{"line":460,"column":4},"end":{"line":463,"column":null}},"83":{"start":{"line":461,"column":6},"end":{"line":461,"column":null}},"84":{"start":{"line":462,"column":6},"end":{"line":462,"column":null}},"85":{"start":{"line":466,"column":27},"end":{"line":466,"column":71}},"86":{"start":{"line":467,"column":4},"end":{"line":467,"column":null}},"87":{"start":{"line":471,"column":6},"end":{"line":471,"column":null}},"88":{"start":{"line":473,"column":6},"end":{"line":473,"column":null}},"89":{"start":{"line":474,"column":32},"end":{"line":474,"column":null}},"90":{"start":{"line":478,"column":27},"end":{"line":478,"column":null}},"91":{"start":{"line":479,"column":31},"end":{"line":479,"column":null}},"92":{"start":{"line":485,"column":28},"end":{"line":485,"column":null}},"93":{"start":{"line":486,"column":4},"end":{"line":487,"column":null}},"94":{"start":{"line":493,"column":4},"end":{"line":494,"column":null}},"95":{"start":{"line":497,"column":4},"end":{"line":497,"column":null}},"96":{"start":{"line":498,"column":4},"end":{"line":498,"column":null}},"97":{"start":{"line":500,"column":4},"end":{"line":500,"column":null}},"98":{"start":{"line":502,"column":4},"end":{"line":502,"column":null}},"99":{"start":{"line":503,"column":4},"end":{"line":503,"column":null}},"100":{"start":{"line":506,"column":4},"end":{"line":509,"column":null}},"101":{"start":{"line":507,"column":6},"end":{"line":507,"column":null}},"102":{"start":{"line":508,"column":6},"end":{"line":508,"column":null}},"103":{"start":{"line":511,"column":4},"end":{"line":513,"column":null}},"104":{"start":{"line":512,"column":6},"end":{"line":512,"column":null}},"105":{"start":{"line":517,"column":2},"end":{"line":523,"column":null}},"106":{"start":{"line":518,"column":4},"end":{"line":522,"column":null}},"107":{"start":{"line":520,"column":6},"end":{"line":520,"column":null}},"108":{"start":{"line":520,"column":52},"end":{"line":520,"column":null}},"109":{"start":{"line":521,"column":6},"end":{"line":521,"column":null}},"110":{"start":{"line":521,"column":51},"end":{"line":521,"column":null}}},"fnMap":{"0":{"name":"BlackHoleScene","decl":{"start":{"line":20,"column":16},"end":{"line":20,"column":31}},"loc":{"start":{"line":20,"column":63},"end":{"line":32,"column":null}}},"1":{"name":"BlackHoleSceneContent","decl":{"start":{"line":37,"column":9},"end":{"line":37,"column":31}},"loc":{"start":{"line":37,"column":63},"end":{"line":97,"column":null}}},"2":{"name":"(anonymous_6)","decl":{"start":{"line":44,"column":12},"end":{"line":44,"column":null}},"loc":{"start":{"line":44,"column":12},"end":{"line":51,"column":5}}},"3":{"name":"(anonymous_7)","decl":{"start":{"line":47,"column":11},"end":{"line":47,"column":null}},"loc":{"start":{"line":47,"column":11},"end":{"line":50,"column":null}}},"4":{"name":"(anonymous_8)","decl":{"start":{"line":69,"column":15},"end":{"line":69,"column":null}},"loc":{"start":{"line":69,"column":15},"end":{"line":73,"column":null}}},"5":{"name":"(anonymous_9)","decl":{"start":{"line":80,"column":19},"end":{"line":80,"column":null}},"loc":{"start":{"line":80,"column":19},"end":{"line":90,"column":null}}},"6":{"name":"BlackHoleWithPerformanceOptimization","decl":{"start":{"line":104,"column":9},"end":{"line":104,"column":46}},"loc":{"start":{"line":104,"column":73},"end":{"line":150,"column":null}}},"7":{"name":"(anonymous_11)","decl":{"start":{"line":108,"column":30},"end":{"line":108,"column":null}},"loc":{"start":{"line":108,"column":30},"end":{"line":110,"column":5}}},"8":{"name":"(anonymous_12)","decl":{"start":{"line":113,"column":12},"end":{"line":113,"column":null}},"loc":{"start":{"line":113,"column":12},"end":{"line":129,"column":5}}},"9":{"name":"(anonymous_13)","decl":{"start":{"line":114,"column":35},"end":{"line":114,"column":null}},"loc":{"start":{"line":114,"column":35},"end":{"line":121,"column":null}}},"10":{"name":"(anonymous_14)","decl":{"start":{"line":125,"column":11},"end":{"line":125,"column":null}},"loc":{"start":{"line":125,"column":11},"end":{"line":128,"column":null}}},"11":{"name":"(anonymous_15)","decl":{"start":{"line":132,"column":12},"end":{"line":132,"column":null}},"loc":{"start":{"line":132,"column":12},"end":{"line":147,"column":5}}},"12":{"name":"(anonymous_16)","decl":{"start":{"line":134,"column":25},"end":{"line":134,"column":null}},"loc":{"start":{"line":134,"column":25},"end":{"line":142,"column":null}}},"13":{"name":"BlackHole","decl":{"start":{"line":152,"column":9},"end":{"line":152,"column":19}},"loc":{"start":{"line":155,"column":59},"end":{"line":551,"column":null}}},"14":{"name":"(anonymous_18)","decl":{"start":{"line":175,"column":29},"end":{"line":175,"column":null}},"loc":{"start":{"line":175,"column":29},"end":{"line":185,"column":5}}},"15":{"name":"(anonymous_19)","decl":{"start":{"line":191,"column":12},"end":{"line":191,"column":null}},"loc":{"start":{"line":191,"column":12},"end":{"line":195,"column":5}}},"16":{"name":"(anonymous_20)","decl":{"start":{"line":198,"column":28},"end":{"line":198,"column":null}},"loc":{"start":{"line":198,"column":28},"end":{"line":433,"column":5}}},"17":{"name":"(anonymous_21)","decl":{"start":{"line":200,"column":40},"end":{"line":200,"column":null}},"loc":{"start":{"line":200,"column":40},"end":{"line":260,"column":null}}},"18":{"name":"(anonymous_22)","decl":{"start":{"line":285,"column":36},"end":{"line":285,"column":null}},"loc":{"start":{"line":285,"column":36},"end":{"line":338,"column":null}}},"19":{"name":"(anonymous_23)","decl":{"start":{"line":360,"column":36},"end":{"line":360,"column":null}},"loc":{"start":{"line":360,"column":36},"end":{"line":407,"column":null}}},"20":{"name":"(anonymous_24)","decl":{"start":{"line":436,"column":33},"end":{"line":436,"column":null}},"loc":{"start":{"line":436,"column":33},"end":{"line":451,"column":5}}},"21":{"name":"(anonymous_25)","decl":{"start":{"line":454,"column":11},"end":{"line":454,"column":null}},"loc":{"start":{"line":454,"column":11},"end":{"line":514,"column":null}}},"22":{"name":"(anonymous_26)","decl":{"start":{"line":517,"column":12},"end":{"line":517,"column":null}},"loc":{"start":{"line":517,"column":12},"end":{"line":523,"column":5}}},"23":{"name":"(anonymous_27)","decl":{"start":{"line":518,"column":11},"end":{"line":518,"column":null}},"loc":{"start":{"line":518,"column":11},"end":{"line":522,"column":null}}},"24":{"name":"(anonymous_28)","decl":{"start":{"line":520,"column":40},"end":{"line":520,"column":52}},"loc":{"start":{"line":520,"column":52},"end":{"line":520,"column":null}}},"25":{"name":"(anonymous_29)","decl":{"start":{"line":521,"column":39},"end":{"line":521,"column":51}},"loc":{"start":{"line":521,"column":51},"end":{"line":521,"column":null}}}},"branchMap":{"0":{"loc":{"start":{"line":54,"column":2},"end":{"line":56,"column":null}},"type":"if","locations":[{"start":{"line":54,"column":2},"end":{"line":56,"column":null}}]},"1":{"loc":{"start":{"line":70,"column":22},"end":{"line":70,"column":null}},"type":"cond-expr","locations":[{"start":{"line":70,"column":43},"end":{"line":70,"column":47}},{"start":{"line":70,"column":47},"end":{"line":70,"column":null}}]},"2":{"loc":{"start":{"line":83,"column":10},"end":{"line":89,"column":null}},"type":"if","locations":[{"start":{"line":83,"column":10},"end":{"line":89,"column":null}}]},"3":{"loc":{"start":{"line":83,"column":14},"end":{"line":83,"column":55}},"type":"binary-expr","locations":[{"start":{"line":83,"column":14},"end":{"line":83,"column":41}},{"start":{"line":83,"column":41},"end":{"line":83,"column":55}}]},"4":{"loc":{"start":{"line":85,"column":24},"end":{"line":85,"column":null}},"type":"cond-expr","locations":[{"start":{"line":85,"column":48},"end":{"line":85,"column":55}},{"start":{"line":85,"column":58},"end":{"line":85,"column":null}}]},"5":{"loc":{"start":{"line":87,"column":30},"end":{"line":87,"column":83}},"type":"cond-expr","locations":[{"start":{"line":87,"column":56},"end":{"line":87,"column":73}},{"start":{"line":87,"column":73},"end":{"line":87,"column":83}}]},"6":{"loc":{"start":{"line":115,"column":6},"end":{"line":120,"column":null}},"type":"if","locations":[{"start":{"line":115,"column":6},"end":{"line":120,"column":null}},{"start":{"line":118,"column":13},"end":{"line":120,"column":null}}]},"7":{"loc":{"start":{"line":139,"column":26},"end":{"line":139,"column":null}},"type":"binary-expr","locations":[{"start":{"line":139,"column":26},"end":{"line":139,"column":66}},{"start":{"line":139,"column":66},"end":{"line":139,"column":null}}]},"8":{"loc":{"start":{"line":141,"column":13},"end":{"line":141,"column":null}},"type":"binary-expr","locations":[{"start":{"line":141,"column":13},"end":{"line":141,"column":25}},{"start":{"line":141,"column":25},"end":{"line":141,"column":null}}]},"9":{"loc":{"start":{"line":144,"column":4},"end":{"line":146,"column":null}},"type":"if","locations":[{"start":{"line":144,"column":4},"end":{"line":146,"column":null}}]},"10":{"loc":{"start":{"line":154,"column":2},"end":{"line":154,"column":18}},"type":"default-arg","locations":[{"start":{"line":154,"column":12},"end":{"line":154,"column":18}}]},"11":{"loc":{"start":{"line":177,"column":25},"end":{"line":177,"column":null}},"type":"cond-expr","locations":[{"start":{"line":177,"column":46},"end":{"line":177,"column":51}},{"start":{"line":177,"column":51},"end":{"line":177,"column":null}}]},"12":{"loc":{"start":{"line":177,"column":51},"end":{"line":177,"column":null}},"type":"cond-expr","locations":[{"start":{"line":177,"column":74},"end":{"line":177,"column":79}},{"start":{"line":177,"column":79},"end":{"line":177,"column":null}}]},"13":{"loc":{"start":{"line":178,"column":23},"end":{"line":178,"column":null}},"type":"cond-expr","locations":[{"start":{"line":178,"column":44},"end":{"line":178,"column":49}},{"start":{"line":178,"column":49},"end":{"line":178,"column":null}}]},"14":{"loc":{"start":{"line":178,"column":49},"end":{"line":178,"column":null}},"type":"cond-expr","locations":[{"start":{"line":178,"column":72},"end":{"line":178,"column":77}},{"start":{"line":178,"column":77},"end":{"line":178,"column":null}}]},"15":{"loc":{"start":{"line":192,"column":4},"end":{"line":194,"column":null}},"type":"if","locations":[{"start":{"line":192,"column":4},"end":{"line":194,"column":null}}]},"16":{"loc":{"start":{"line":201,"column":6},"end":{"line":222,"column":null}},"type":"if","locations":[{"start":{"line":201,"column":6},"end":{"line":222,"column":null}}]},"17":{"loc":{"start":{"line":286,"column":6},"end":{"line":303,"column":null}},"type":"if","locations":[{"start":{"line":286,"column":6},"end":{"line":303,"column":null}}]},"18":{"loc":{"start":{"line":361,"column":6},"end":{"line":379,"column":null}},"type":"if","locations":[{"start":{"line":361,"column":6},"end":{"line":379,"column":null}}]},"19":{"loc":{"start":{"line":438,"column":22},"end":{"line":438,"column":null}},"type":"cond-expr","locations":[{"start":{"line":438,"column":43},"end":{"line":438,"column":50}},{"start":{"line":438,"column":50},"end":{"line":438,"column":null}}]},"20":{"loc":{"start":{"line":438,"column":50},"end":{"line":438,"column":null}},"type":"cond-expr","locations":[{"start":{"line":438,"column":73},"end":{"line":438,"column":80}},{"start":{"line":438,"column":80},"end":{"line":438,"column":null}}]},"21":{"loc":{"start":{"line":460,"column":4},"end":{"line":463,"column":null}},"type":"if","locations":[{"start":{"line":460,"column":4},"end":{"line":463,"column":null}}]},"22":{"loc":{"start":{"line":506,"column":4},"end":{"line":509,"column":null}},"type":"if","locations":[{"start":{"line":506,"column":4},"end":{"line":509,"column":null}}]},"23":{"loc":{"start":{"line":511,"column":4},"end":{"line":513,"column":null}},"type":"if","locations":[{"start":{"line":511,"column":4},"end":{"line":513,"column":null}}]}},"s":{"0":0,"1":0,"2":0,"3":0,"4":0,"5":0,"6":0,"7":0,"8":0,"9":0,"10":0,"11":0,"12":0,"13":0,"14":0,"15":0,"16":0,"17":0,"18":0,"19":0,"20":0,"21":0,"22":0,"23":0,"24":0,"25":0,"26":0,"27":0,"28":0,"29":0,"30":0,"31":0,"32":0,"33":0,"34":0,"35":0,"36":0,"37":0,"38":0,"39":0,"40":0,"41":0,"42":0,"43":0,"44":0,"45":0,"46":0,"47":0,"48":0,"49":0,"50":0,"51":0,"52":0,"53":0,"54":0,"55":0,"56":0,"57":0,"58":0,"59":0,"60":0,"61":0,"62":0,"63":0,"64":0,"65":0,"66":0,"67":0,"68":0,"69":0,"70":0,"71":0,"72":0,"73":0,"74":0,"75":0,"76":0,"77":0,"78":0,"79":0,"80":0,"81":0,"82":0,"83":0,"84":0,"85":0,"86":0,"87":0,"88":0,"89":0,"90":0,"91":0,"92":0,"93":0,"94":0,"95":0,"96":0,"97":0,"98":0,"99":0,"100":0,"101":0,"102":0,"103":0,"104":0,"105":0,"106":0,"107":0,"108":0,"109":0,"110":0},"f":{"0":0,"1":0,"2":0,"3":0,"4":0,"5":0,"6":0,"7":0,"8":0,"9":0,"10":0,"11":0,"12":0,"13":0,"14":0,"15":0,"16":0,"17":0,"18":0,"19":0,"20":0,"21":0,"22":0,"23":0,"24":0,"25":0},"b":{"0":[0],"1":[0,0],"2":[0],"3":[0,0],"4":[0,0],"5":[0,0],"6":[0,0],"7":[0,0],"8":[0,0],"9":[0],"10":[0],"11":[0,0],"12":[0,0],"13":[0,0],"14":[0,0],"15":[0],"16":[0],"17":[0],"18":[0],"19":[0,0],"20":[0,0],"21":[0],"22":[0],"23":[0]}}
,"/Users/viktor/GITHUB/Aeon/components/black-hole.tsx": {"path":"/Users/viktor/GITHUB/Aeon/components/black-hole.tsx","statementMap":{"0":{"start":{"line":87,"column":16},"end":{"line":87,"column":26}},"1":{"start":{"line":3,"column":32},"end":{"line":3,"column":null}},"2":{"start":{"line":4,"column":25},"end":{"line":4,"column":null}},"3":{"start":{"line":5,"column":31},"end":{"line":5,"column":null}},"4":{"start":{"line":6,"column":23},"end":{"line":6,"column":null}},"5":{"start":{"line":10,"column":26},"end":{"line":65,"column":null}},"6":{"start":{"line":69,"column":0},"end":{"line":69,"column":null}},"7":{"start":{"line":88,"column":18},"end":{"line":88,"column":null}},"8":{"start":{"line":89,"column":22},"end":{"line":89,"column":null}},"9":{"start":{"line":92,"column":2},"end":{"line":101,"column":null}},"10":{"start":{"line":93,"column":4},"end":{"line":96,"column":null}},"11":{"start":{"line":94,"column":6},"end":{"line":94,"column":null}},"12":{"start":{"line":95,"column":6},"end":{"line":95,"column":null}},"13":{"start":{"line":98,"column":4},"end":{"line":100,"column":null}},"14":{"start":{"line":99,"column":6},"end":{"line":99,"column":null}},"15":{"start":{"line":104,"column":19},"end":{"line":104,"column":null}},"16":{"start":{"line":104,"column":33},"end":{"line":104,"column":75}}},"fnMap":{"0":{"name":"BlackHole","decl":{"start":{"line":87,"column":16},"end":{"line":87,"column":26}},"loc":{"start":{"line":87,"column":92},"end":{"line":109,"column":null}}},"1":{"name":"(anonymous_5)","decl":{"start":{"line":92,"column":11},"end":{"line":92,"column":null}},"loc":{"start":{"line":92,"column":11},"end":{"line":101,"column":null}}},"2":{"name":"(anonymous_6)","decl":{"start":{"line":104,"column":27},"end":{"line":104,"column":33}},"loc":{"start":{"line":104,"column":33},"end":{"line":104,"column":75}}}},"branchMap":{"0":{"loc":{"start":{"line":93,"column":4},"end":{"line":96,"column":null}},"type":"if","locations":[{"start":{"line":93,"column":4},"end":{"line":96,"column":null}}]},"1":{"loc":{"start":{"line":98,"column":4},"end":{"line":100,"column":null}},"type":"if","locations":[{"start":{"line":98,"column":4},"end":{"line":100,"column":null}}]}},"s":{"0":0,"1":0,"2":0,"3":0,"4":0,"5":0,"6":0,"7":0,"8":0,"9":0,"10":0,"11":0,"12":0,"13":0,"14":0,"15":0,"16":0},"f":{"0":0,"1":0,"2":0},"b":{"0":[0],"1":[0]}}
,"/Users/viktor/GITHUB/Aeon/components/enchanted-universe.tsx": {"path":"/Users/viktor/GITHUB/Aeon/components/enchanted-universe.tsx","statementMap":{"0":{"start":{"line":21,"column":16},"end":{"line":21,"column":34}},"1":{"start":{"line":3,"column":53},"end":{"line":3,"column":null}},"2":{"start":{"line":4,"column":43},"end":{"line":4,"column":null}},"3":{"start":{"line":5,"column":28},"end":{"line":5,"column":null}},"4":{"start":{"line":6,"column":23},"end":{"line":6,"column":null}},"5":{"start":{"line":7,"column":23},"end":{"line":7,"column":null}},"6":{"start":{"line":8,"column":29},"end":{"line":8,"column":null}},"7":{"start":{"line":9,"column":30},"end":{"line":9,"column":null}},"8":{"start":{"line":16,"column":23},"end":{"line":16,"column":null}},"9":{"start":{"line":30,"column":8},"end":{"line":30,"column":null}},"10":{"start":{"line":42,"column":21},"end":{"line":42,"column":null}},"11":{"start":{"line":43,"column":36},"end":{"line":43,"column":null}},"12":{"start":{"line":45,"column":2},"end":{"line":52,"column":null}},"13":{"start":{"line":46,"column":4},"end":{"line":46,"column":null}},"14":{"start":{"line":48,"column":4},"end":{"line":51,"column":null}},"15":{"start":{"line":49,"column":6},"end":{"line":49,"column":null}},"16":{"start":{"line":50,"column":6},"end":{"line":50,"column":null}},"17":{"start":{"line":55,"column":2},"end":{"line":57,"column":null}},"18":{"start":{"line":56,"column":4},"end":{"line":56,"column":null}},"19":{"start":{"line":70,"column":22},"end":{"line":70,"column":null}},"20":{"start":{"line":71,"column":8},"end":{"line":71,"column":null}},"21":{"start":{"line":72,"column":8},"end":{"line":72,"column":null}},"22":{"start":{"line":86,"column":22},"end":{"line":86,"column":null}},"23":{"start":{"line":87,"column":19},"end":{"line":87,"column":null}},"24":{"start":{"line":88,"column":27},"end":{"line":88,"column":null}},"25":{"start":{"line":89,"column":20},"end":{"line":89,"column":null}},"26":{"start":{"line":90,"column":23},"end":{"line":90,"column":34}},"27":{"start":{"line":93,"column":25},"end":{"line":101,"column":null}},"28":{"start":{"line":104,"column":26},"end":{"line":104,"column":null}},"29":{"start":{"line":107,"column":24},"end":{"line":147,"column":null}},"30":{"start":{"line":108,"column":22},"end":{"line":108,"column":null}},"31":{"start":{"line":109,"column":22},"end":{"line":109,"column":null}},"32":{"start":{"line":110,"column":18},"end":{"line":110,"column":null}},"33":{"start":{"line":111,"column":19},"end":{"line":111,"column":null}},"34":{"start":{"line":113,"column":4},"end":{"line":144,"column":null}},"35":{"start":{"line":113,"column":17},"end":{"line":113,"column":20}},"36":{"start":{"line":115,"column":20},"end":{"line":115,"column":null}},"37":{"start":{"line":116,"column":18},"end":{"line":116,"column":null}},"38":{"start":{"line":117,"column":21},"end":{"line":117,"column":null}},"39":{"start":{"line":119,"column":6},"end":{"line":119,"column":null}},"40":{"start":{"line":120,"column":6},"end":{"line":120,"column":null}},"41":{"start":{"line":121,"column":6},"end":{"line":121,"column":null}},"42":{"start":{"line":124,"column":6},"end":{"line":124,"column":null}},"43":{"start":{"line":127,"column":26},"end":{"line":127,"column":null}},"44":{"start":{"line":128,"column":6},"end":{"line":143,"column":null}},"45":{"start":{"line":133,"column":13},"end":{"line":143,"column":null}},"46":{"start":{"line":146,"column":4},"end":{"line":146,"column":null}},"47":{"start":{"line":150,"column":32},"end":{"line":167,"column":null}},"48":{"start":{"line":151,"column":21},"end":{"line":151,"column":null}},"49":{"start":{"line":154,"column":19},"end":{"line":163,"column":null}},"50":{"start":{"line":165,"column":4},"end":{"line":165,"column":null}},"51":{"start":{"line":166,"column":4},"end":{"line":166,"column":null}},"52":{"start":{"line":170,"column":26},"end":{"line":204,"column":null}},"53":{"start":{"line":172,"column":19},"end":{"line":172,"column":null}},"54":{"start":{"line":175,"column":22},"end":{"line":175,"column":null}},"55":{"start":{"line":176,"column":23},"end":{"line":176,"column":25}},"56":{"start":{"line":177,"column":4},"end":{"line":190,"column":null}},"57":{"start":{"line":177,"column":17},"end":{"line":177,"column":20}},"58":{"start":{"line":178,"column":20},"end":{"line":178,"column":null}},"59":{"start":{"line":179,"column":6},"end":{"line":179,"column":null}},"60":{"start":{"line":182,"column":24},"end":{"line":182,"column":null}},"61":{"start":{"line":183,"column":24},"end":{"line":183,"column":null}},"62":{"start":{"line":184,"column":6},"end":{"line":184,"column":null}},"63":{"start":{"line":187,"column":6},"end":{"line":189,"column":null}},"64":{"start":{"line":188,"column":8},"end":{"line":188,"column":null}},"65":{"start":{"line":191,"column":4},"end":{"line":191,"column":null}},"66":{"start":{"line":194,"column":19},"end":{"line":194,"column":null}},"67":{"start":{"line":195,"column":25},"end":{"line":195,"column":27}},"68":{"start":{"line":196,"column":4},"end":{"line":200,"column":null}},"69":{"start":{"line":196,"column":17},"end":{"line":196,"column":20}},"70":{"start":{"line":197,"column":20},"end":{"line":197,"column":null}},"71":{"start":{"line":198,"column":21},"end":{"line":198,"column":null}},"72":{"start":{"line":199,"column":6},"end":{"line":199,"column":null}},"73":{"start":{"line":201,"column":4},"end":{"line":201,"column":null}},"74":{"start":{"line":203,"column":4},"end":{"line":203,"column":null}},"75":{"start":{"line":207,"column":20},"end":{"line":425,"column":null}},"76":{"start":{"line":209,"column":26},"end":{"line":250,"column":null}},"77":{"start":{"line":253,"column":34},"end":{"line":293,"column":null}},"78":{"start":{"line":296,"column":26},"end":{"line":337,"column":null}},"79":{"start":{"line":340,"column":37},"end":{"line":417,"column":null}},"80":{"start":{"line":419,"column":4},"end":{"line":424,"column":null}},"81":{"start":{"line":428,"column":2},"end":{"line":484,"column":null}},"82":{"start":{"line":429,"column":17},"end":{"line":429,"column":null}},"83":{"start":{"line":430,"column":22},"end":{"line":430,"column":null}},"84":{"start":{"line":433,"column":24},"end":{"line":433,"column":null}},"85":{"start":{"line":434,"column":4},"end":{"line":437,"column":null}},"86":{"start":{"line":435,"column":6},"end":{"line":435,"column":null}},"87":{"start":{"line":436,"column":6},"end":{"line":436,"column":null}},"88":{"start":{"line":440,"column":27},"end":{"line":440,"column":71}},"89":{"start":{"line":441,"column":4},"end":{"line":441,"column":null}},"90":{"start":{"line":445,"column":6},"end":{"line":445,"column":null}},"91":{"start":{"line":447,"column":6},"end":{"line":447,"column":null}},"92":{"start":{"line":448,"column":32},"end":{"line":448,"column":null}},"93":{"start":{"line":451,"column":27},"end":{"line":451,"column":32}},"94":{"start":{"line":452,"column":31},"end":{"line":452,"column":null}},"95":{"start":{"line":455,"column":4},"end":{"line":455,"column":null}},"96":{"start":{"line":458,"column":28},"end":{"line":458,"column":46}},"97":{"start":{"line":459,"column":4},"end":{"line":460,"column":null}},"98":{"start":{"line":463,"column":4},"end":{"line":463,"column":null}},"99":{"start":{"line":466,"column":4},"end":{"line":467,"column":null}},"100":{"start":{"line":470,"column":4},"end":{"line":470,"column":null}},"101":{"start":{"line":471,"column":4},"end":{"line":471,"column":null}},"102":{"start":{"line":472,"column":4},"end":{"line":472,"column":null}},"103":{"start":{"line":473,"column":4},"end":{"line":473,"column":null}},"104":{"start":{"line":476,"column":4},"end":{"line":479,"column":null}},"105":{"start":{"line":477,"column":6},"end":{"line":477,"column":null}},"106":{"start":{"line":478,"column":6},"end":{"line":478,"column":null}},"107":{"start":{"line":481,"column":4},"end":{"line":483,"column":null}},"108":{"start":{"line":482,"column":6},"end":{"line":482,"column":null}},"109":{"start":{"line":487,"column":2},"end":{"line":501,"column":null}},"110":{"start":{"line":488,"column":4},"end":{"line":500,"column":null}},"111":{"start":{"line":490,"column":6},"end":{"line":498,"column":null}},"112":{"start":{"line":492,"column":10},"end":{"line":492,"column":null}},"113":{"start":{"line":493,"column":10},"end":{"line":493,"column":null}},"114":{"start":{"line":493,"column":61},"end":{"line":493,"column":null}},"115":{"start":{"line":494,"column":10},"end":{"line":494,"column":null}},"116":{"start":{"line":494,"column":55},"end":{"line":494,"column":null}},"117":{"start":{"line":497,"column":10},"end":{"line":497,"column":null}}},"fnMap":{"0":{"name":"EnchantedUniverse","decl":{"start":{"line":21,"column":16},"end":{"line":21,"column":34}},"loc":{"start":{"line":21,"column":69},"end":{"line":36,"column":null}}},"1":{"name":"(anonymous_5)","decl":{"start":{"line":29,"column":15},"end":{"line":29,"column":null}},"loc":{"start":{"line":29,"column":15},"end":{"line":31,"column":null}}},"2":{"name":"EnchantedUniverseContent","decl":{"start":{"line":41,"column":9},"end":{"line":41,"column":34}},"loc":{"start":{"line":41,"column":69},"end":{"line":80,"column":null}}},"3":{"name":"(anonymous_7)","decl":{"start":{"line":45,"column":12},"end":{"line":45,"column":null}},"loc":{"start":{"line":45,"column":12},"end":{"line":52,"column":5}}},"4":{"name":"(anonymous_8)","decl":{"start":{"line":48,"column":11},"end":{"line":48,"column":null}},"loc":{"start":{"line":48,"column":11},"end":{"line":51,"column":null}}},"5":{"name":"(anonymous_9)","decl":{"start":{"line":69,"column":15},"end":{"line":69,"column":null}},"loc":{"start":{"line":69,"column":15},"end":{"line":73,"column":null}}},"6":{"name":"CosmicEffect","decl":{"start":{"line":85,"column":9},"end":{"line":85,"column":22}},"loc":{"start":{"line":85,"column":54},"end":{"line":556,"column":null}}},"7":{"name":"(anonymous_11)","decl":{"start":{"line":107,"column":32},"end":{"line":107,"column":null}},"loc":{"start":{"line":107,"column":32},"end":{"line":147,"column":5}}},"8":{"name":"(anonymous_12)","decl":{"start":{"line":150,"column":40},"end":{"line":150,"column":null}},"loc":{"start":{"line":150,"column":40},"end":{"line":167,"column":5}}},"9":{"name":"(anonymous_13)","decl":{"start":{"line":170,"column":34},"end":{"line":170,"column":null}},"loc":{"start":{"line":170,"column":34},"end":{"line":204,"column":5}}},"10":{"name":"(anonymous_14)","decl":{"start":{"line":207,"column":28},"end":{"line":207,"column":null}},"loc":{"start":{"line":207,"column":28},"end":{"line":425,"column":5}}},"11":{"name":"(anonymous_15)","decl":{"start":{"line":428,"column":11},"end":{"line":428,"column":null}},"loc":{"start":{"line":428,"column":11},"end":{"line":484,"column":null}}},"12":{"name":"(anonymous_16)","decl":{"start":{"line":487,"column":12},"end":{"line":487,"column":null}},"loc":{"start":{"line":487,"column":12},"end":{"line":501,"column":5}}},"13":{"name":"(anonymous_17)","decl":{"start":{"line":488,"column":11},"end":{"line":488,"column":null}},"loc":{"start":{"line":488,"column":11},"end":{"line":500,"column":null}}},"14":{"name":"(anonymous_18)","decl":{"start":{"line":491,"column":8},"end":{"line":491,"column":null}},"loc":{"start":{"line":491,"column":8},"end":{"line":495,"column":null}}},"15":{"name":"(anonymous_19)","decl":{"start":{"line":493,"column":49},"end":{"line":493,"column":61}},"loc":{"start":{"line":493,"column":61},"end":{"line":493,"column":null}}},"16":{"name":"(anonymous_20)","decl":{"start":{"line":494,"column":43},"end":{"line":494,"column":55}},"loc":{"start":{"line":494,"column":55},"end":{"line":494,"column":null}}},"17":{"name":"(anonymous_21)","decl":{"start":{"line":496,"column":8},"end":{"line":496,"column":null}},"loc":{"start":{"line":496,"column":8},"end":{"line":498,"column":null}}}},"branchMap":{"0":{"loc":{"start":{"line":55,"column":2},"end":{"line":57,"column":null}},"type":"if","locations":[{"start":{"line":55,"column":2},"end":{"line":57,"column":null}}]},"1":{"loc":{"start":{"line":70,"column":22},"end":{"line":70,"column":null}},"type":"cond-expr","locations":[{"start":{"line":70,"column":43},"end":{"line":70,"column":47}},{"start":{"line":70,"column":47},"end":{"line":70,"column":null}}]},"2":{"loc":{"start":{"line":128,"column":6},"end":{"line":143,"column":null}},"type":"if","locations":[{"start":{"line":128,"column":6},"end":{"line":143,"column":null}},{"start":{"line":133,"column":13},"end":{"line":143,"column":null}}]},"3":{"loc":{"start":{"line":133,"column":13},"end":{"line":143,"column":null}},"type":"if","locations":[{"start":{"line":133,"column":13},"end":{"line":143,"column":null}},{"start":{"line":138,"column":13},"end":{"line":143,"column":null}}]},"4":{"loc":{"start":{"line":187,"column":6},"end":{"line":189,"column":null}},"type":"if","locations":[{"start":{"line":187,"column":6},"end":{"line":189,"column":null}}]},"5":{"loc":{"start":{"line":434,"column":4},"end":{"line":437,"column":null}},"type":"if","locations":[{"start":{"line":434,"column":4},"end":{"line":437,"column":null}}]},"6":{"loc":{"start":{"line":476,"column":4},"end":{"line":479,"column":null}},"type":"if","locations":[{"start":{"line":476,"column":4},"end":{"line":479,"column":null}}]},"7":{"loc":{"start":{"line":481,"column":4},"end":{"line":483,"column":null}},"type":"if","locations":[{"start":{"line":481,"column":4},"end":{"line":483,"column":null}}]}},"s":{"0":0,"1":0,"2":0,"3":0,"4":0,"5":0,"6":0,"7":0,"8":0,"9":0,"10":0,"11":0,"12":0,"13":0,"14":0,"15":0,"16":0,"17":0,"18":0,"19":0,"20":0,"21":0,"22":0,"23":0,"24":0,"25":0,"26":0,"27":0,"28":0,"29":0,"30":0,"31":0,"32":0,"33":0,"34":0,"35":0,"36":0,"37":0,"38":0,"39":0,"40":0,"41":0,"42":0,"43":0,"44":0,"45":0,"46":0,"47":0,"48":0,"49":0,"50":0,"51":0,"52":0,"53":0,"54":0,"55":0,"56":0,"57":0,"58":0,"59":0,"60":0,"61":0,"62":0,"63":0,"64":0,"65":0,"66":0,"67":0,"68":0,"69":0,"70":0,"71":0,"72":0,"73":0,"74":0,"75":0,"76":0,"77":0,"78":0,"79":0,"80":0,"81":0,"82":0,"83":0,"84":0,"85":0,"86":0,"87":0,"88":0,"89":0,"90":0,"91":0,"92":0,"93":0,"94":0,"95":0,"96":0,"97":0,"98":0,"99":0,"100":0,"101":0,"102":0,"103":0,"104":0,"105":0,"106":0,"107":0,"108":0,"109":0,"110":0,"111":0,"112":0,"113":0,"114":0,"115":0,"116":0,"117":0},"f":{"0":0,"1":0,"2":0,"3":0,"4":0,"5":0,"6":0,"7":0,"8":0,"9":0,"10":0,"11":0,"12":0,"13":0,"14":0,"15":0,"16":0,"17":0},"b":{"0":[0],"1":[0,0],"2":[0,0],"3":[0,0],"4":[0],"5":[0],"6":[0],"7":[0]}}
,"/Users/viktor/GITHUB/Aeon/components/error-boundary.tsx": {"path":"/Users/viktor/GITHUB/Aeon/components/error-boundary.tsx","statementMap":{"0":{"start":{"line":21,"column":13},"end":{"line":21,"column":26}},"1":{"start":{"line":87,"column":16},"end":{"line":87,"column":33}},"2":{"start":{"line":3,"column":55},"end":{"line":3,"column":null}},"3":{"start":{"line":4,"column":23},"end":{"line":4,"column":null}},"4":{"start":{"line":23,"column":4},"end":{"line":53,"column":null}},"5":{"start":{"line":49,"column":4},"end":{"line":52,"column":null}},"6":{"start":{"line":24,"column":4},"end":{"line":27,"column":null}},"7":{"start":{"line":31,"column":4},"end":{"line":34,"column":null}},"8":{"start":{"line":39,"column":4},"end":{"line":39,"column":null}},"9":{"start":{"line":40,"column":4},"end":{"line":40,"column":null}},"10":{"start":{"line":43,"column":4},"end":{"line":45,"column":null}},"11":{"start":{"line":44,"column":6},"end":{"line":44,"column":null}},"12":{"start":{"line":56,"column":4},"end":{"line":78,"column":null}},"13":{"start":{"line":58,"column":6},"end":{"line":63,"column":null}},"14":{"start":{"line":59,"column":8},"end":{"line":61,"column":null}},"15":{"start":{"line":60,"column":10},"end":{"line":60,"column":null}},"16":{"start":{"line":62,"column":8},"end":{"line":62,"column":null}},"17":{"start":{"line":80,"column":4},"end":{"line":80,"column":null}},"18":{"start":{"line":91,"column":22},"end":{"line":91,"column":null}},"19":{"start":{"line":93,"column":37},"end":{"line":99,"column":null}},"20":{"start":{"line":101,"column":2},"end":{"line":101,"column":null}},"21":{"start":{"line":103,"column":2},"end":{"line":103,"column":null}}},"fnMap":{"0":{"name":"(anonymous_6)","decl":{"start":{"line":22,"column":2},"end":{"line":22,"column":14}},"loc":{"start":{"line":22,"column":41},"end":{"line":28,"column":null}}},"1":{"name":"(anonymous_7)","decl":{"start":{"line":48,"column":23},"end":{"line":48,"column":null}},"loc":{"start":{"line":48,"column":23},"end":{"line":53,"column":null}}},"2":{"name":"(anonymous_8)","decl":{"start":{"line":30,"column":2},"end":{"line":30,"column":9}},"loc":{"start":{"line":30,"column":68},"end":{"line":35,"column":null}}},"3":{"name":"(anonymous_9)","decl":{"start":{"line":37,"column":2},"end":{"line":37,"column":20}},"loc":{"start":{"line":37,"column":62},"end":{"line":46,"column":null}}},"4":{"name":"(anonymous_10)","decl":{"start":{"line":55,"column":2},"end":{"line":55,"column":22}},"loc":{"start":{"line":55,"column":22},"end":{"line":81,"column":null}}},"5":{"name":"withErrorBoundary","decl":{"start":{"line":87,"column":16},"end":{"line":87,"column":33}},"loc":{"start":{"line":89,"column":63},"end":{"line":104,"column":null}}},"6":{"name":"(anonymous_12)","decl":{"start":{"line":93,"column":37},"end":{"line":93,"column":38}},"loc":{"start":{"line":93,"column":38},"end":{"line":99,"column":null}}}},"branchMap":{"0":{"loc":{"start":{"line":43,"column":4},"end":{"line":45,"column":null}},"type":"if","locations":[{"start":{"line":43,"column":4},"end":{"line":45,"column":null}}]},"1":{"loc":{"start":{"line":56,"column":4},"end":{"line":78,"column":null}},"type":"if","locations":[{"start":{"line":56,"column":4},"end":{"line":78,"column":null}}]},"2":{"loc":{"start":{"line":56,"column":8},"end":{"line":56,"column":47}},"type":"binary-expr","locations":[{"start":{"line":56,"column":8},"end":{"line":56,"column":27}},{"start":{"line":56,"column":31},"end":{"line":56,"column":47}}]},"3":{"loc":{"start":{"line":58,"column":6},"end":{"line":63,"column":null}},"type":"if","locations":[{"start":{"line":58,"column":6},"end":{"line":63,"column":null}}]},"4":{"loc":{"start":{"line":59,"column":8},"end":{"line":61,"column":null}},"type":"if","locations":[{"start":{"line":59,"column":8},"end":{"line":61,"column":null}}]},"5":{"loc":{"start":{"line":69,"column":31},"end":{"line":69,"column":null}},"type":"binary-expr","locations":[{"start":{"line":69,"column":31},"end":{"line":69,"column":55}},{"start":{"line":69
[...]
branchMap":{"0":{"loc":{"start":{"line":59,"column":2},"end":{"line":61,"column":null}},"type":"if","locations":[{"start":{"line":59,"column":2},"end":{"line":61,"column":null}}]},"1":{"loc":{"start":{"line":75,"column":2},"end":{"line":124,"column":null}},"type":"switch","locations":[{"start":{"line":76,"column":4},"end":{"line":80,"column":null}},{"start":{"line":82,"column":4},"end":{"line":86,"column":null}},{"start":{"line":88,"column":4},"end":{"line":112,"column":null}},{"start":{"line":113,"column":4},"end":{"line":123,"column":null}}]},"2":{"loc":{"start":{"line":85,"column":39},"end":{"line":85,"column":null}},"type":"cond-expr","locations":[{"start":{"line":85,"column":66},"end":{"line":85,"column":94}},{"start":{"line":85,"column":94},"end":{"line":85,"column":null}}]},"3":{"loc":{"start":{"line":93,"column":6},"end":{"line":99,"column":null}},"type":"if","locations":[{"start":{"line":93,"column":6},"end":{"line":99,"column":null}},{"start":{"line":95,"column":13},"end":{"line":99,"column":null}}]},"4":{"loc":{"start":{"line":104,"column":10},"end":{"line":109,"column":null}},"type":"cond-expr","locations":[{"start":{"line":105,"column":14},"end":{"line":108,"column":null}},{"start":{"line":109,"column":14},"end":{"line":109,"column":null}}]},"5":{"loc":{"start":{"line":104,"column":10},"end":{"line":104,"column":null}},"type":"binary-expr","locations":[{"start":{"line":104,"column":10},"end":{"line":104,"column":30}},{"start":{"line":104,"column":30},"end":{"line":104,"column":null}}]},"6":{"loc":{"start":{"line":114,"column":6},"end":{"line":119,"column":null}},"type":"if","locations":[{"start":{"line":114,"column":6},"end":{"line":119,"column":null}}]},"7":{"loc":{"start":{"line":157,"column":8},"end":{"line":157,"column":null}},"type":"if","locations":[{"start":{"line":157,"column":8},"end":{"line":157,"column":null}}]},"8":{"loc":{"start":{"line":176,"column":6},"end":{"line":178,"column":null}},"type":"if","locations":[{"start":{"line":176,"column":6},"end":{"line":178,"column":null}}]}},"s":{"0":0,"1":0,"2":0,"3":0,"4":0,"5":0,"6":0,"7":0,"8":0,"9":0,"10":0,"11":0,"12":0,"13":0,"14":0,"15":0,"16":0,"17":0,"18":0,"19":0,"20":0,"21":0,"22":0,"23":0,"24":0,"25":0,"26":0,"27":0,"28":0,"29":0,"30":0,"31":0,"32":0,"33":0,"34":0,"35":0,"36":0,"37":0,"38":0,"39":0,"40":0,"41":0,"42":0,"43":0,"44":0,"45":0,"46":0,"47":0,"48":0,"49":0,"50":0,"51":0,"52":0,"53":0,"54":0,"55":0,"56":0},"f":{"0":0,"1":0,"2":0,"3":0,"4":0,"5":0,"6":0,"7":0,"8":0,"9":0,"10":0,"11":0,"12":0,"13":0,"14":0,"15":0,"16":0,"17":0},"b":{"0":[0],"1":[0,0,0,0],"2":[0,0],"3":[0,0],"4":[0,0],"5":[0,0],"6":[0],"7":[0],"8":[0]}}
,"/Users/viktor/GITHUB/Aeon/lib/errors.ts": {"path":"/Users/viktor/GITHUB/Aeon/lib/errors.ts","statementMap":{"0":{"start":{"line":34,"column":13},"end":{"line":34,"column":21}},"1":{"start":{"line":9,"column":13},"end":{"line":9,"column":21}},"2":{"start":{"line":63,"column":13},"end":{"line":63,"column":26}},"3":{"start":{"line":76,"column":13},"end":{"line":76,"column":30}},"4":{"start":{"line":50,"column":13},"end":{"line":50,"column":28}},"5":{"start":{"line":92,"column":22},"end":{"line":92,"column":30}},"6":{"start":{"line":114,"column":16},"end":{"line":114,"column":28}},"7":{"start":{"line":4,"column":23},"end":{"line":4,"column":null}},"8":{"start":{"line":18,"column":4},"end":{"line":18,"column":null}},"9":{"start":{"line":19,"column":4},"end":{"line":19,"column":null}},"10":{"start":{"line":20,"column":4},"end":{"line":20,"column":null}},"11":{"start":{"line":21,"column":4},"end":{"line":21,"column":null}},"12":{"start":{"line":22,"column":4},"end":{"line":22,"column":null}},"13":{"start":{"line":25,"column":4},"end":{"line":27,"column":null}},"14":{"start":{"line":26,"column":6},"end":{"line":26,"column":null}},"15":{"start":{"line":39,"column":4},"end":{"line":43,"column":null}},"16":{"start":{"line":52,"column":4},"end":{"line":56,"column":null}},"17":{"start":{"line":65,"column":4},"end":{"line":69,"column":null}},"18":{"start":{"line":78,"column":4},"end":{"line":82,"column":null}},"19":{"start":{"line":96,"column":2},"end":{"line":105,"column":null}},"20":{"start":{"line":97,"column":4},"end":{"line":97,"column":null}},"21":{"start":{"line":99,"column":4},"end":{"line":103,"column":null}},"22":{"start":{"line":100,"column":6},"end":{"line":100,"column":null}},"23":{"start":{"line":102,"column":6},"end":{"line":102,"column":null}},"24":{"start":{"line":104,"column":4},"end":{"line":104,"column":null}},"25":{"start":{"line":115,"column":2},"end":{"line":124,"column":null}},"26":{"start":{"line":116,"column":4},"end":{"line":116,"column":null}},"27":{"start":{"line":118,"column":4},"end":{"line":122,"column":null}},"28":{"start":{"line":119,"column":6},"end":{"line":119,"column":null}},"29":{"start":{"line":121,"column":6},"end":{"line":121,"column":null}},"30":{"start":{"line":123,"column":4},"end":{"line":123,"column":null}}},"fnMap":{"0":{"name":"(anonymous_8)","decl":{"start":{"line":14,"column":2},"end":{"line":14,"column":null}},"loc":{"start":{"line":17,"column":4},"end":{"line":28,"column":null}}},"1":{"name":"(anonymous_9)","decl":{"start":{"line":35,"column":2},"end":{"line":35,"column":null}},"loc":{"start":{"line":38,"column":4},"end":{"line":44,"column":null}}},"2":{"name":"(anonymous_10)","decl":{"start":{"line":51,"column":2},"end":{"line":51,"column":14}},"loc":{"start":{"line":51,"column":95},"end":{"line":57,"column":null}}},"3":{"name":"(anonymous_11)","decl":{"start":{"line":64,"column":2},"end":{"line":64,"column":14}},"loc":{"start":{"line":64,"column":95},"end":{"line":70,"column":null}}},"4":{"name":"(anonymous_12)","decl":{"start":{"line":77,"column":2},"end":{"line":77,"column":14}},"loc":{"start":{"line":77,"column":95},"end":{"line":83,"column":null}}},"5":{"name":"tryCatch","decl":{"start":{"line":92,"column":22},"end":{"line":92,"column":30}},"loc":{"start":{"line":94,"column":39},"end":{"line":106,"column":null}}},"6":{"name":"tryCatchSync","decl":{"start":{"line":114,"column":16},"end":{"line":114,"column":28}},"loc":{"start":{"line":114,"column":82},"end":{"line":125,"column":null}}}},"branchMap":{"0":{"loc":{"start":{"line":16,"column":4},"end":{"line":16,"column":87}},"type":"default-arg","locations":[{"start":{"line":16,"column":85},"end":{"line":16,"column":87}}]},"1":{"loc":{"start":{"line":20,"column":16},"end":{"line":20,"column":null}},"type":"binary-expr","locations":[{"start":{"line":20,"column":16},"end":{"line":20,"column":28}},{"start":{"line":20,"column":32},"end":{"line":20,"column":null}}]},"2":{"loc":{"start":{"line":21,"column":22},"end":{"line":21,"column":null}},"type":"binary-expr","locations":[{"start":{"line":21,"column":22},"end":{"line":21,"column":40}},{"start":{"line":21,"column":44},"end":{"line":21,"column":null}}]},"3":{"loc":{"start":{"line":25,"column":4},"end":{"line":27,"column":null}},"type":"if","locations":[{"start":{"line":25,"column":4},"end":{"line":27,"column":null}}]},"4":{"loc":{"start":{"line":37,"column":4},"end":{"line":37,"column":87}},"type":"default-arg","locations":[{"start":{"line":37,"column":85},"end":{"line":37,"column":87}}]},"5":{"loc":{"start":{"line":40,"column":12},"end":{"line":40,"column":null}},"type":"binary-expr","locations":[{"start":{"line":40,"column":12},"end":{"line":40,"column":24}},{"start":{"line":40,"column":28},"end":{"line":40,"column":null}}]},"6":{"loc":{"start":{"line":41,"column":18},"end":{"line":41,"column":null}},"type":"binary-expr","locations":[{"start":{"line":41,"column":18},"end":{"line":41,"column":36}},{"start":{"line":41,"column":40},"end":{"line":41,"column":null}}]},"7":{"loc":{"start":{"line":51,"column":31},"end":{"line":51,"column":93}},"type":"default-arg","locations":[{"start":{"line":51,"column":91},"end":{"line":51,"column":93}}]},"8":{"loc":{"start":{"line":53,"column":12},"end":{"line":53,"column":null}},"type":"binary-expr","locations":[{"start":{"line":53,"column":12},"end":{"line":53,"column":24}},{"start":{"line":53,"column":28},"end":{"line":53,"column":null}}]},"9":{"loc":{"start":{"line":64,"column":31},"end":{"line":64,"column":93}},"type":"default-arg","locations":[{"start":{"line":64,"column":91},"end":{"line":64,"column":93}}]},"10":{"loc":{"start":{"line":66,"column":12},"end":{"line":66,"column":null}},"type":"binary-expr","locations":[{"start":{"line":66,"column":12},"end":{"line":66,"column":24}},{"start":{"line":66,"column":28},"end":{"line":66,"column":null}}]},"11":{"loc":{"start":{"line":77,"column":31},"end":{"line":77,"column":93}},"type":"default-arg","locations":[{"start":{"line":77,"column":91},"end":{"line":77,"column":93}}]},"12":{"loc":{"start":{"line":79,"column":12},"end":{"line":79,"column":null}},"type":"binary-expr","locations":[{"start":{"line":79,"column":12},"end":{"line":79,"column":24}},{"start":{"line":79,"column":28},"end":{"line":79,"column":null}}]},"13":{"loc":{"start":{"line":99,"column":4},"end":{"line":103,"column":null}},"type":"if","locations":[{"start":{"line":99,"column":4},"end":{"line":103,"column":null}},{"start":{"line":101,"column":11},"end":{"line":103,"column":null}}]},"14":{"loc":{"start":{"line":100,"column":19},"end":{"line":100,"column":null}},"type":"cond-expr","locations":[{"start":{"line":100,"column":44},"end":{"line":100,"column":52}},{"start":{"line":100,"column":52},"end":{"line":100,"column":null}}]},"15":{"loc":{"start":{"line":118,"column":4},"end":{"line":122,"column":null}},"type":"if","locations":[{"start":{"line":118,"column":4},"end":{"line":122,"column":null}},{"start":{"line":120,"column":11},"end":{"line":122,"column":null}}]},"16":{"loc":{"start":{"line":119,"column":19},"end":{"line":119,"column":null}},"type":"cond-expr","locations":[{"start":{"line":119,"column":44},"end":{"line":119,"column":52}},{"start":{"line":119,"column":52},"end":{"line":119,"column":null}}]}},"s":{"0":1,"1":2,"2":1,"3":1,"4":7,"5":7,"6":3,"7":3,"8":9,"9":9,"10":9,"11":9,"12":9,"13":9,"14":9,"15":1,"16":4,"17":1,"18":1,"19":7,"20":7,"21":3,"22":2,"23":1,"24":3,"25":3,"26":3,"27":2,"28":1,"29":1,"30":2},"f":{"0":9,"1":1,"2":4,"3":1,"4":1,"5":7,"6":3},"b":{"0":[1],"1":[9,1],"2":[9,1],"3":[9],"4":[1],"5":[1,1],"6":[1,1],"7":[1],"8":[4,1],"9":[1],"10":[1,1],"11":[1],"12":[1,1],"13":[2,1],"14":[2,0],"15":[1,1],"16":[1,0]}}
,"/Users/viktor/GITHUB/Aeon/lib/form-validation.ts": {"path":"/Users/viktor/GITHUB/Aeon/lib/form-validation.ts","statementMap":{"0":{"start":{"line":43,"column":13},"end":{"line":43,"column":30}},"1":{"start":{"line":56,"column":22},"end":{"line":56,"column":39}},"2":{"start":{"line":17,"column":16},"end":{"line":17,"column":32}},"3":{"start":{"line":4,"column":18},"end":{"line":4,"column":null}},"4":{"start":{"line":5,"column":23},"end":{"line":5,"column":null}},"5":{"start":{"line":6,"column":32},"end":{"line":6,"column":null}},"6":{"start":{"line":9,"column":19},"end":{"line":9,"column":null}},"7":{"start":{"line":18,"column":2},"end":{"line":37,"column":null}},"8":{"start":{"line":19,"column":4},"end":{"line":19,"column":null}},"9":{"start":{"line":21,"column":4},"end":{"line":33,"column":null}},"10":{"start":{"line":22,"column":30},"end":{"line":25,"column":null}},"11":{"start":{"line":22,"column":55},"end":{"line":25,"column":null}},"12":{"start":{"line":27,"column":6},"end":{"line":27,"column":null}},"13":{"start":{"line":29,"column":6},"end":{"line":32,"column":null}},"14":{"start":{"line":35,"column":4},"end":{"line":35,"column":null}},"15":{"start":{"line":36,"column":4},"end":{"line":36,"column":null}},"16":{"start":{"line":43,"column":33},"end":{"line":47,"column":null}},"17":{"start":{"line":57,"column":2},"end":{"line":57,"column":null}},"18":{"start":{"line":60,"column":24},"end":{"line":60,"column":null}},"19":{"start":{"line":62,"column":2},"end":{"line":76,"column":null}},"20":{"start":{"line":65,"column":4},"end":{"line":67,"column":null}},"21":{"start":{"line":70,"column":4},"end":{"line":70,"column":null}},"22":{"start":{"line":70,"column":33},"end":{"line":70,"column":null}},"23":{"start":{"line":72,"column":4},"end":{"line":72,"column":null}},"24":{"start":{"line":74,"column":4},"end":{"line":74,"column":null}},"25":{"start":{"line":75,"column":4},"end":{"line":75,"column":null}}},"fnMap":{"0":{"name":"validateFormData","decl":{"start":{"line":17,"column":16},"end":{"line":17,"column":32}},"loc":{"start":{"line":17,"column":78},"end":{"line":38,"column":null}}},"1":{"name":"(anonymous_5)","decl":{"start":{"line":22,"column":47},"end":{"line":22,"column":55}},"loc":{"start":{"line":22,"column":55},"end":{"line":25,"column":null}}},"2":{"name":"submitContactForm","decl":{"start":{"line":56,"column":22},"end":{"line":56,"column":39}},"loc":{"start":{"line":56,"column":65},"end":{"line":77,"column":null}}},"3":{"name":"(anonymous_7)","decl":{"start":{"line":70,"column":22},"end":{"line":70,"column":33}},"loc":{"start":{"line":70,"column":33},"end":{"line":70,"column":null}}}},"branchMap":{"0":{"loc":{"start":{"line":21,"column":4},"end":{"line":33,"column":null}},"type":"if","locations":[{"start":{"line":21,"column":4},"end":{"line":33,"column":null}}]}},"s":{"0":2,"1":2,"2":3,"3":1,"4":1,"5":1,"6":1,"7":5,"8":5,"9":3,"10":3,"11":6,"12":3,"13":3,"14":0,"15":0,"16":1,"17":2,"18":2,"19":1,"20":1,"21":1,"22":1,"23":1,"24":0,"25":0},"f":{"0":5,"1":6,"2":2,"3":1},"b":{"0":[3]}}
,"/Users/viktor/GITHUB/Aeon/lib/logger.ts": {"path":"/Users/viktor/GITHUB/Aeon/lib/logger.ts","statementMap":{"0":{"start":{"line":6,"column":12},"end":{"line":6,"column":20}},"1":{"start":{"line":103,"column":16},"end":{"line":103,"column":28}},"2":{"start":{"line":108,"column":13},"end":{"line":108,"column":19}},"3":{"start":{"line":15,"column":26},"end":{"line":15,"column":null}},"4":{"start":{"line":27,"column":4},"end":{"line":27,"column":null}},"5":{"start":{"line":28,"column":4},"end":{"line":28,"column":null}},"6":{"start":{"line":35,"column":22},"end":{"line":35,"column":null}},"7":{"start":{"line":36,"column":4},"end":{"line":36,"column":null}},"8":{"start":{"line":43,"column":4},"end":{"line":45,"column":null}},"9":{"start":{"line":44,"column":6},"end":{"line":44,"column":null}},"10":{"start":{"line":52,"column":4},"end":{"line":54,"column":null}},"11":{"start":{"line":53,"column":6},"end":{"line":53,"column":null}},"12":{"start":{"line":61,"column":4},"end":{"line":63,"column":null}},"13":{"start":{"line":62,"column":6},"end":{"line":62,"column":null}},"14":{"start":{"line":70,"column":4},"end":{"line":79,"column":null}},"15":{"start":{"line":72,"column":8},"end":{"line":72,"column":null}},"16":{"start":{"line":73,"column":6},"end":{"line":73,"column":null}},"17":{"start":{"line":76,"column":6},"end":{"line":78,"column":null}},"18":{"start":{"line":77,"column":8},"end":{"line":77,"column":null}},"19":{"start":{"line":86,"column":4},"end":{"line":89,"column":null}},"20":{"start":{"line":96,"column":4},"end":{"line":96,"column":null}},"21":{"start":{"line":104,"column":2},"end":{"line":104,"column":null}},"22":{"start":{"line":108,"column":22},"end":{"line":108,"column":null}}},"fnMap":{"0":{"name":"(anonymous_5)","decl":{"start":{"line":26,"column":2},"end":{"line":26,"column":14}},"loc":{"start":{"line":26,"column":43},"end":{"line":29,"column":null}}},"1":{"name":"(anonymous_6)","decl":{"start":{"line":34,"column":2},"end":{"line":34,"column":23}},"loc":{"start":{"line":34,"column":49},"end":{"line":37,"column":null}}},"2":{"name":"(anonymous_7)","decl":{"start":{"line":42,"column":2},"end":{"line":42,"column":8}},"loc":{"start":{"line":42,"column":47},"end":{"line":46,"column":null}}},"3":{"name":"(anonymous_8)","decl":{"start":{"line":51,"column":2},"end":{"line":51,"column":7}},"loc":{"start":{"line":51,"column":46},"end":{"line":55,"column":null}}},"4":{"name":"(anonymous_9)","decl":{"start":{"line":60,"column":2},"end":{"line":60,"column":7}},"loc":{"start":{"line":60,"column":46},"end":{"line":64,"column":null}}},"5":{"name":"(anonymous_10)","decl":{"start":{"line":69,"column":2},"end":{"line":69,"column":8}},"loc":{"start":{"line":69,"column":55},"end":{"line":80,"column":null}}},"6":{"name":"(anonymous_11)","decl":{"start":{"line":85,"column":2},"end":{"line":85,"column":8}},"loc":{"start":{"line":85,"column":35},"end":{"line":90,"column":null}}},"7":{"name":"(anonymous_12)","decl":{"start":{"line":95,"column":2},"end":{"line":95,"column":11}},"loc":{"start":{"line":95,"column":34},"end":{"line":97,"column":null}}},"8":{"name":"createLogger","decl":{"start":{"line":103,"column":16},"end":{"line":103,"column":28}},"loc":{"start":{"line":103,"column":56},"end":{"line":105,"column":null}}}},"branchMap":{"0":{"loc":{"start":{"line":15,"column":26},"end":{"line":15,"column":null}},"type":"cond-expr","locations":[{"start":{"line":15,"column":51},"end":{"line":15,"column":null}},{"start":{"line":15,"column":51},"end":{"line":15,"column":null}}]},"1":{"loc":{"start":{"line":26,"column":14},"end":{"line":26,"column":41}},"type":"default-arg","locations":[{"start":{"line":26,"column":39},"end":{"line":26,"column":41}}]},"2":{"loc":{"start":{"line":27,"column":21},"end":{"line":27,"column":null}},"type":"binary-expr","locations":[{"start":{"line":27,"column":21},"end":{"line":27,"column":38}},{"start":{"line":27,"column":42},"end":{"line":27,"column":null}}]},"3":{"loc":{"start":{"line":28,"column":17},"end":{"line":28,"column":null}},"type":"cond-expr","locations":[{"start":{"line":28,"column":47},"end":{"line":28,"column":60}},{"start":{"line":28,"column":63},"end":{"line":28,"column":null}}]},"4":{"loc":{"start":{"line":43,"column":4},"end":{"line":45,"column":null}},"type":"if","locations":[{"start":{"line":43,"column":4},"end":{"line":45,"column":null}}]},"5":{"loc":{"start":{"line":52,"column":4},"end":{"line":54,"column":null}},"type":"if","locations":[{"start":{"line":52,"column":4},"end":{"line":54,"column":null}}]},"6":{"loc":{"start":{"line":61,"column":4},"end":{"line":63,"column":null}},"type":"if","locations":[{"start":{"line":61,"column":4},"end":{"line":63,"column":null}}]},"7":{"loc":{"start":{"line":70,"column":4},"end":{"line":79,"column":null}},"type":"if","locations":[{"start":{"line":70,"column":4},"end":{"line":79,"column":null}}]},"8":{"loc":{"start":{"line":72,"column":8},"end":{"line":72,"column":null}},"type":"cond-expr","locations":[{"start":{"line":72,"column":35},"end":{"line":72,"column":72}},{"start":{"line":72,"column":75},"end":{"line":72,"column":null}}]},"9":{"loc":{"start":{"line":76,"column":6},"end":{"line":78,"column":null}},"type":"if","locations":[{"start":{"line":76,"column":6},"end":{"line":78,"column":null}}]},"10":{"loc":{"start":{"line":76,"column":10},"end":{"line":76,"column":51}},"type":"binary-expr","locations":[{"start":{"line":76,"column":10},"end":{"line":76,"column":38}},{"start":{"line":76,"column":38},"end":{"line":76,"column":51}}]},"11":{"loc":{"start":{"line":103,"column":29},"end":{"line":103,"column":56}},"type":"default-arg","locations":[{"start":{"line":103,"column":54},"end":{"line":103,"column":56}}]}},"s":{"0":10,"1":9,"2":1,"3":1,"4":11,"5":11,"6":10,"7":10,"8":5,"9":3,"10":2,"11":1,"12":2,"13":2,"14":3,"15":3,"16":3,"17":3,"18":1,"19":1,"20":1,"21":10,"22":1},"f":{"0":11,"1":10,"2":5,"3":2,"4":2,"5":3,"6":1,"7":1,"8":10},"b":{"0":[0,1],"1":[0],"2":[11,1],"3":[9,2],"4":[3],"5":[1],"6":[2],"7":[3],"8":[1,2],"9":[1],"10":[3,1],"11":[1]}}
,"/Users/viktor/GITHUB/Aeon/lib/utils.ts": {"path":"/Users/viktor/GITHUB/Aeon/lib/utils.ts","statementMap":{"0":{"start":{"line":4,"column":16},"end":{"line":4,"column":19}},"1":{"start":{"line":1,"column":38},"end":{"line":1,"column":null}},"2":{"start":{"line":2,"column":24},"end":{"line":2,"column":null}},"3":{"start":{"line":5,"column":2},"end":{"line":5,"column":null}}},"fnMap":{"0":{"name":"cn","decl":{"start":{"line":4,"column":16},"end":{"line":4,"column":19}},"loc":{"start":{"line":4,"column":42},"end":{"line":6,"column":null}}}},"branchMap":{},"s":{"0":0,"1":0,"2":0,"3":0},"f":{"0":0},"b":{}}
}
