TN:
SF:components/accretion-disk.tsx
FN:122,AccretionDisk
FN:132,(anonymous_5)
FN:146,(anonymous_6)
FNF:3
FNH:0
FNDA:0,AccretionDisk
FNDA:0,(anonymous_5)
FNDA:0,(anonymous_6)
DA:3,0
DA:4,0
DA:5,0
DA:7,0
DA:26,0
DA:98,0
DA:122,0
DA:128,0
DA:129,0
DA:132,0
DA:133,0
DA:134,0
DA:135,0
DA:136,0
DA:137,0
DA:140,0
DA:141,0
DA:146,0
DA:147,0
LF:19
LH:0
BRDA:133,0,0,0
BRDA:140,1,0,0
BRF:2
BRH:0
end_of_record
TN:
SF:components/aeon-landing.tsx
FN:19,AeonLanding
FN:30,(anonymous_3)
FN:39,(anonymous_4)
FN:51,AeonLandingContent
FN:72,(anonymous_6)
FN:75,(anonymous_7)
FN:80,(anonymous_8)
FN:83,(anonymous_9)
FN:88,(anonymous_10)
FN:90,(anonymous_11)
FN:94,(anonymous_12)
FN:102,(anonymous_13)
FN:111,(anonymous_14)
FN:128,(anonymous_15)
FN:134,(anonymous_16)
FN:158,(anonymous_17)
FN:172,(anonymous_18)
FN:174,(anonymous_19)
FN:194,(anonymous_20)
FN:201,(anonymous_21)
FN:212,(anonymous_22)
FN:218,(anonymous_23)
FN:224,(anonymous_24)
FN:229,(anonymous_25)
FN:364,(anonymous_26)
FN:366,(anonymous_27)
FN:375,(anonymous_28)
FN:390,(anonymous_29)
FN:455,(anonymous_30)
FN:456,(anonymous_31)
FN:523,(anonymous_32)
FN:662,(anonymous_33)
FN:666,(anonymous_34)
FN:667,(anonymous_35)
FN:695,(anonymous_36)
FN:809,(anonymous_37)
FN:863,(anonymous_38)
FNF:37
FNH:0
FNDA:0,AeonLanding
FNDA:0,(anonymous_3)
FNDA:0,(anonymous_4)
FNDA:0,AeonLandingContent
FNDA:0,(anonymous_6)
FNDA:0,(anonymous_7)
FNDA:0,(anonymous_8)
FNDA:0,(anonymous_9)
FNDA:0,(anonymous_10)
FNDA:0,(anonymous_11)
FNDA:0,(anonymous_12)
FNDA:0,(anonymous_13)
FNDA:0,(anonymous_14)
FNDA:0,(anonymous_15)
FNDA:0,(anonymous_16)
FNDA:0,(anonymous_17)
FNDA:0,(anonymous_18)
FNDA:0,(anonymous_19)
FNDA:0,(anonymous_20)
FNDA:0,(anonymous_21)
FNDA:0,(anonymous_22)
FNDA:0,(anonymous_23)
FNDA:0,(anonymous_24)
FNDA:0,(anonymous_25)
FNDA:0,(anonymous_26)
FNDA:0,(anonymous_27)
FNDA:0,(anonymous_28)
FNDA:0,(anonymous_29)
FNDA:0,(anonymous_30)
FNDA:0,(anonymous_31)
FNDA:0,(anonymous_32)
FNDA:0,(anonymous_33)
FNDA:0,(anonymous_34)
FNDA:0,(anonymous_35)
FNDA:0,(anonymous_36)
FNDA:0,(anonymous_37)
FNDA:0,(anonymous_38)
DA:3,0
DA:4,0
DA:5,0
DA:6,0
DA:7,0
DA:8,0
DA:9,0
DA:10,0
DA:11,0
DA:14,0
DA:19,0
DA:30,0
DA:40,0
DA:53,0
DA:54,0
DA:55,0
DA:56,0
DA:57,0
DA:58,0
DA:61,0
DA:62,0
DA:63,0
DA:64,0
DA:65,0
DA:66,0
DA:69,0
DA:72,0
DA:73,0
DA:75,0
DA:76,0
DA:79,0
DA:81,0
DA:84,0
DA:88,0
DA:89,0
DA:91,0
DA:92,0
DA:95,0
DA:102,0
DA:104,0
DA:106,0
DA:108,0
DA:111,0
DA:113,0
DA:117,0
DA:120,0
DA:123,0
DA:124,0
DA:128,0
DA:129,0
DA:134,0
DA:136,0
DA:139,0
DA:141,0
DA:144,0
DA:148,0
DA:152,0
DA:155,0
DA:158,0
DA:159,0
DA:161,0
DA:162,0
DA:165,0
DA:166,0
DA:172,0
DA:174,0
DA:177,0
DA:180,0
DA:181,0
DA:182,0
DA:183,0
DA:185,0
DA:194,0
DA:195,0
DA:196,0
DA:199,0
DA:200,0
DA:202,0
DA:203,0
DA:204,0
DA:205,0
DA:207,0
DA:209,0
DA:213,0
DA:218,0
DA:219,0
DA:220,0
DA:222,0
DA:223,0
DA:225,0
DA:226,0
DA:227,0
DA:230,0
DA:237,0
DA:365,0
DA:367,0
DA:368,0
DA:369,0
DA:370,0
DA:372,0
DA:376,0
DA:390,0
DA:455,0
DA:456,0
DA:523,0
DA:663,0
DA:666,0
DA:667,0
DA:695,0
DA:809,0
DA:863,0
LF:111
LH:0
BRDA:123,0,0,0
BRDA:139,1,0,0
BRDA:161,2,0,0
BRDA:165,3,0,0
BRDA:199,4,0,0
BRDA:199,5,0,0
BRDA:199,5,1,0
BRDA:222,6,0,0
BRDA:246,7,0,0
BRDA:246,7,1,0
BRDA:254,8,0,0
BRDA:328,9,0,0
BRDA:328,9,1,0
BRDA:340,10,0,0
BRDA:340,10,1,0
BRDA:368,11,0,0
BRDA:368,11,1,0
BRDA:681,12,0,0
BRDA:681,12,1,0
BRDA:683,13,0,0
BRDA:683,13,1,0
BRDA:797,14,0,0
BRDA:802,15,0,0
BRDA:802,15,1,0
BRDA:804,16,0,0
BRDA:804,16,1,0
BRDA:827,17,0,0
BRDA:833,18,0,0
BRDA:839,19,0,0
BRF:29
BRH:0
end_of_record
TN:
SF:components/aeon-portal.tsx
FN:13,AeonPortal
FN:16,(anonymous_5)
FN:17,(anonymous_6)
FN:40,PortalEffect
FN:61,(anonymous_8)
FN:70,(anonymous_9)
FN:202,(anonymous_10)
FN:268,(anonymous_11)
FN:269,(anonymous_12)
FN:271,(anonymous_13)
FN:272,(anonymous_14)
FN:277,(anonymous_15)
FNF:12
FNH:0
FNDA:0,AeonPortal
FNDA:0,(anonymous_5)
FNDA:0,(anonymous_6)
FNDA:0,PortalEffect
FNDA:0,(anonymous_8)
FNDA:0,(anonymous_9)
FNDA:0,(anonymous_10)
FNDA:0,(anonymous_11)
FNDA:0,(anonymous_12)
FNDA:0,(anonymous_13)
FNDA:0,(anonymous_14)
FNDA:0,(anonymous_15)
DA:3,0
DA:4,0
DA:5,0
DA:7,0
DA:13,0
DA:14,0
DA:16,0
DA:17,0
DA:18,0
DA:41,0
DA:42,0
DA:43,0
DA:44,0
DA:47,0
DA:58,0
DA:61,0
DA:62,0
DA:70,0
DA:72,0
DA:128,0
DA:161,0
DA:198,0
DA:202,0
DA:203,0
DA:204,0
DA:207,0
DA:208,0
DA:209,0
DA:210,0
DA:214,0
DA:215,0
DA:219,0
DA:221,0
DA:223,0
DA:224,0
DA:227,0
DA:228,0
DA:231,0
DA:234,0
DA:235,0
DA:239,0
DA:240,0
DA:243,0
DA:247,0
DA:248,0
DA:249,0
DA:250,0
DA:253,0
DA:254,0
DA:255,0
DA:258,0
DA:259,0
DA:262,0
DA:263,0
DA:268,0
DA:269,0
DA:271,0
DA:272,0
DA:277,0
DA:278,0
DA:279,0
DA:281,0
DA:282,0
DA:283,0
DA:284,0
LF:65
LH:0
BRDA:208,0,0,0
BRDA:253,1,0,0
BRDA:258,2,0,0
BRDA:262,3,0,0
BRF:4
BRH:0
end_of_record
TN:
SF:components/black-hole-controls.tsx
FN:16,BlackHoleControls
FN:47,(anonymous_2)
FN:65,(anonymous_3)
FN:83,(anonymous_4)
FNF:4
FNH:0
FNDA:0,BlackHoleControls
FNDA:0,(anonymous_2)
FNDA:0,(anonymous_3)
FNDA:0,(anonymous_4)
DA:3,0
DA:4,0
DA:5,0
DA:16,0
DA:47,0
DA:65,0
DA:83,0
LF:7
LH:0
BRF:0
BRH:0
end_of_record
TN:
SF:components/black-hole-effect.tsx
FN:5,BlackHoleEffect
FN:8,(anonymous_2)
FN:16,(anonymous_3)
FN:34,(anonymous_4)
FN:121,(anonymous_5)
FNF:5
FNH:0
FNDA:0,BlackHoleEffect
FNDA:0,(anonymous_2)
FNDA:0,(anonymous_3)
FNDA:0,(anonymous_4)
FNDA:0,(anonymous_5)
DA:3,0
DA:5,0
DA:6,0
DA:8,0
DA:9,0
DA:10,0
DA:12,0
DA:13,0
DA:16,0
DA:17,0
DA:18,0
DA:20,0
DA:21,0
DA:23,0
DA:26,0
DA:27,0
DA:31,0
DA:34,0
DA:35,0
DA:36,0
DA:37,0
DA:38,0
DA:41,0
DA:44,0
DA:45,0
DA:46,0
DA:47,0
DA:48,0
DA:50,0
DA:51,0
DA:52,0
DA:53,0
DA:56,0
DA:59,0
DA:60,0
DA:61,0
DA:62,0
DA:63,0
DA:66,0
DA:74,0
DA:75,0
DA:76,0
DA:77,0
DA:80,0
DA:81,0
DA:82,0
DA:83,0
DA:86,0
DA:87,0
DA:88,0
DA:89,0
DA:91,0
DA:92,0
DA:94,0
DA:95,0
DA:97,0
DA:98,0
DA:99,0
DA:100,0
DA:104,0
DA:105,0
DA:106,0
DA:108,0
DA:109,0
DA:110,0
DA:111,0
DA:112,0
DA:115,0
DA:116,0
DA:119,0
DA:121,0
DA:122,0
DA:123,0
LF:73
LH:0
BRDA:10,0,0,0
BRDA:13,1,0,0
BRDA:17,2,0,0
BRDA:17,2,1,0
BRF:4
BRH:0
end_of_record
TN:
SF:components/black-hole-scene.tsx
FN:20,BlackHoleScene
FN:37,BlackHoleSceneContent
FN:44,(anonymous_6)
FN:47,(anonymous_7)
FN:69,(anonymous_8)
FN:80,(anonymous_9)
FN:104,BlackHoleWithPerformanceOptimization
FN:108,(anonymous_11)
FN:113,(anonymous_12)
FN:114,(anonymous_13)
FN:125,(anonymous_14)
FN:132,(anonymous_15)
FN:134,(anonymous_16)
FN:152,BlackHole
FN:175,(anonymous_18)
FN:191,(anonymous_19)
FN:198,(anonymous_20)
FN:200,(anonymous_21)
FN:285,(anonymous_22)
FN:360,(anonymous_23)
FN:436,(anonymous_24)
FN:454,(anonymous_25)
FN:517,(anonymous_26)
FN:518,(anonymous_27)
FN:520,(anonymous_28)
FN:521,(anonymous_29)
FNF:26
FNH:0
FNDA:0,BlackHoleScene
FNDA:0,BlackHoleSceneContent
FNDA:0,(anonymous_6)
FNDA:0,(anonymous_7)
FNDA:0,(anonymous_8)
FNDA:0,(anonymous_9)
FNDA:0,BlackHoleWithPerformanceOptimization
FNDA:0,(anonymous_11)
FNDA:0,(anonymous_12)
FNDA:0,(anonymous_13)
FNDA:0,(anonymous_14)
FNDA:0,(anonymous_15)
FNDA:0,(anonymous_16)
FNDA:0,BlackHole
FNDA:0,(anonymous_18)
FNDA:0,(anonymous_19)
FNDA:0,(anonymous_20)
FNDA:0,(anonymous_21)
FNDA:0,(anonymous_22)
FNDA:0,(anonymous_23)
FNDA:0,(anonymous_24)
FNDA:0,(anonymous_25)
FNDA:0,(anonymous_26)
FNDA:0,(anonymous_27)
FNDA:0,(anonymous_28)
FNDA:0,(anonymous_29)
DA:3,0
DA:4,0
DA:5,0
DA:6,0
DA:7,0
DA:8,0
DA:15,0
DA:20,0
DA:39,0
DA:42,0
DA:44,0
DA:45,0
DA:47,0
DA:48,0
DA:49,0
DA:54,0
DA:55,0
DA:70,0
DA:71,0
DA:72,0
DA:82,0
DA:83,0
DA:85,0
DA:86,0
DA:105,0
DA:106,0
DA:108,0
DA:109,0
DA:113,0
DA:114,0
DA:115,0
DA:117,0
DA:119,0
DA:123,0
DA:125,0
DA:126,0
DA:127,0
DA:132,0
DA:134,0
DA:135,0
DA:136,0
DA:139,0
DA:141,0
DA:144,0
DA:145,0
DA:156,0
DA:157,0
DA:158,0
DA:159,0
DA:162,0
DA:172,0
DA:175,0
DA:177,0
DA:178,0
DA:180,0
DA:188,0
DA:191,0
DA:192,0
DA:193,0
DA:198,0
DA:200,0
DA:201,0
DA:202,0
DA:224,0
DA:262,0
DA:285,0
DA:286,0
DA:287,0
DA:305,0
DA:340,0
DA:360,0
DA:361,0
DA:362,0
DA:381,0
DA:409,0
DA:432,0
DA:436,0
DA:438,0
DA:454,0
DA:455,0
DA:456,0
DA:459,0
DA:460,0
DA:461,0
DA:462,0
DA:466,0
DA:467,0
DA:471,0
DA:473,0
DA:474,0
DA:478,0
DA:479,0
DA:485,0
DA:486,0
DA:493,0
DA:497,0
DA:498,0
DA:500,0
DA:502,0
DA:503,0
DA:506,0
DA:507,0
DA:508,0
DA:511,0
DA:512,0
DA:517,0
DA:518,0
DA:520,0
DA:521,0
LF:109
LH:0
BRDA:54,0,0,0
BRDA:70,1,0,0
BRDA:70,1,1,0
BRDA:83,2,0,0
BRDA:83,3,0,0
BRDA:83,3,1,0
BRDA:85,4,0,0
BRDA:85,4,1,0
BRDA:87,5,0,0
BRDA:87,5,1,0
BRDA:115,6,0,0
BRDA:115,6,1,0
BRDA:139,7,0,0
BRDA:139,7,1,0
BRDA:141,8,0,0
BRDA:141,8,1,0
BRDA:144,9,0,0
BRDA:154,10,0,0
BRDA:177,11,0,0
BRDA:177,11,1,0
BRDA:177,12,0,0
BRDA:177,12,1,0
BRDA:178,13,0,0
BRDA:178,13,1,0
BRDA:178,14,0,0
BRDA:178,14,1,0
BRDA:192,15,0,0
BRDA:201,16,0,0
BRDA:286,17,0,0
BRDA:361,18,0,0
BRDA:438,19,0,0
BRDA:438,19,1,0
BRDA:438,20,0,0
BRDA:438,20,1,0
BRDA:460,21,0,0
BRDA:506,22,0,0
BRDA:511,23,0,0
BRF:37
BRH:0
end_of_record
TN:
SF:components/black-hole.tsx
FN:87,BlackHole
FN:92,(anonymous_5)
FN:104,(anonymous_6)
FNF:3
FNH:0
FNDA:0,BlackHole
FNDA:0,(anonymous_5)
FNDA:0,(anonymous_6)
DA:3,0
DA:4,0
DA:5,0
DA:6,0
DA:10,0
DA:69,0
DA:87,0
DA:88,0
DA:89,0
DA:92,0
DA:93,0
DA:94,0
DA:95,0
DA:98,0
DA:99,0
DA:104,0
LF:16
LH:0
BRDA:93,0,0,0
BRDA:98,1,0,0
BRF:2
BRH:0
end_of_record
TN:
SF:components/enchanted-universe.tsx
FN:21,EnchantedUniverse
FN:29,(anonymous_5)
FN:41,EnchantedUniverseContent
FN:45,(anonymous_7)
FN:48,(anonymous_8)
FN:69,(anonymous_9)
FN:85,CosmicEffect
FN:107,(anonymous_11)
FN:150,(anonymous_12)
FN:170,(anonymous_13)
FN:207,(anonymous_14)
FN:428,(anonymous_15)
FN:487,(anonymous_16)
FN:488,(anonymous_17)
FN:491,(anonymous_18)
FN:493,(anonymous_19)
FN:494,(anonymous_20)
FN:496,(anonymous_21)
FNF:18
FNH:0
FNDA:0,EnchantedUniverse
FNDA:0,(anonymous_5)
FNDA:0,EnchantedUniverseContent
FNDA:0,(anonymous_7)
FNDA:0,(anonymous_8)
FNDA:0,(anonymous_9)
FNDA:0,CosmicEffect
FNDA:0,(anonymous_11)
FNDA:0,(anonymous_12)
FNDA:0,(anonymous_13)
FNDA:0,(anonymous_14)
FNDA:0,(anonymous_15)
FNDA:0,(anonymous_16)
FNDA:0,(anonymous_17)
FNDA:0,(anonymous_18)
FNDA:0,(anonymous_19)
FNDA:0,(anonymous_20)
FNDA:0,(anonymous_21)
DA:3,0
DA:4,0
DA:5,0
DA:6,0
DA:7,0
DA:8,0
DA:9,0
DA:16,0
DA:21,0
DA:30,0
DA:42,0
DA:43,0
DA:45,0
DA:46,0
DA:48,0
DA:49,0
DA:50,0
DA:55,0
DA:56,0
DA:70,0
DA:71,0
DA:72,0
DA:86,0
DA:87,0
DA:88,0
DA:89,0
DA:90,0
DA:93,0
DA:104,0
DA:107,0
DA:108,0
DA:109,0
DA:110,0
DA:111,0
DA:113,0
DA:115,0
DA:116,0
DA:117,0
DA:119,0
DA:120,0
DA:121,0
DA:124,0
DA:127,0
DA:128,0
DA:133,0
DA:146,0
DA:150,0
DA:151,0
DA:154,0
DA:165,0
DA:166,0
DA:170,0
DA:172,0
DA:175,0
DA:176,0
DA:177,0
DA:178,0
DA:179,0
DA:182,0
DA:183,0
DA:184,0
DA:187,0
DA:188,0
DA:191,0
DA:194,0
DA:195,0
DA:196,0
DA:197,0
DA:198,0
DA:199,0
DA:201,0
DA:203,0
DA:207,0
DA:209,0
DA:253,0
DA:296,0
DA:340,0
DA:419,0
DA:428,0
DA:429,0
DA:430,0
DA:433,0
DA:434,0
DA:435,0
DA:436,0
DA:440,0
DA:441,0
DA:445,0
DA:447,0
DA:448,0
DA:451,0
DA:452,0
DA:455,0
DA:458,0
DA:459,0
DA:463,0
DA:466,0
DA:470,0
DA:471,0
DA:472,0
DA:473,0
DA:476,0
DA:477,0
DA:478,0
DA:481,0
DA:482,0
DA:487,0
DA:488,0
DA:490,0
DA:492,0
DA:493,0
DA:494,0
DA:497,0
LF:113
LH:0
BRDA:55,0,0,0
BRDA:70,1,0,0
BRDA:70,1,1,0
BRDA:128,2,0,0
BRDA:128,2,1,0
BRDA:133,3,0,0
BRDA:133,3,1,0
BRDA:187,4,0,0
BRDA:434,5,0,0
BRDA:476,6,0,0
BRDA:481,7,0,0
BRF:11
BRH:0
end_of_record
TN:
SF:components/error-boundary.tsx
FN:22,(anonymous_6)
FN:48,(anonymous_7)
FN:30,(anonymous_8)
FN:37,(anonymous_9)
FN:55,(anonymous_10)
FN:87,withErrorBoundary
FN:93,(anonymous_12)
FNF:7
FNH:6
FNDA:11,(anonymous_6)
FNDA:0,(anonymous_7)
FNDA:8,(anonymous_8)
FNDA:4,(anonymous_9)
FNDA:18,(anonymous_10)
FNDA:2,withErrorBoundary
FNDA:4,(anonymous_12)
DA:3,1
DA:4,1
DA:21,4
DA:23,11
DA:24,10
DA:31,8
DA:39,4
DA:40,4
DA:43,4
DA:44,1
DA:49,0
DA:56,18
DA:58,8
DA:59,8
DA:60,2
DA:62,6
DA:80,10
DA:87,2
DA:91,2
DA:93,2
DA:101,2
DA:103,2
LF:22
LH:21
BRDA:43,0,0,1
BRDA:56,1,0,8
BRDA:56,2,0,18
BRDA:56,2,1,8
BRDA:58,3,0,8
BRDA:59,4,0,2
BRDA:69,5,0,0
BRDA:69,5,1,0
BRDA:89,6,0,1
BRDA:91,7,0,2
BRDA:91,7,1,2
BRDA:91,7,2,0
BRF:12
BRH:9
end_of_record
TN:
SF:components/feature-section.tsx
FN:7,FeatureSection
FN:51,(anonymous_2)
FN:59,(anonymous_3)
FNF:3
FNH:0
FNDA:0,FeatureSection
FNDA:0,(anonymous_2)
FNDA:0,(anonymous_3)
DA:3,0
DA:4,0
DA:5,0
DA:7,0
DA:8,0
DA:10,0
DA:52,0
DA:59,0
LF:8
LH:0
BRDA:55,0,0,0
BRDA:55,0,1,0
BRF:2
BRH:0
end_of_record
TN:
SF:components/footer.tsx
FN:3,Footer
FNF:1
FNH:0
FNDA:0,Footer
DA:1,0
DA:3,0
LF:2
LH:0
BRF:0
BRH:0
end_of_record
TN:
SF:components/glowing-portal.tsx
FN:5,GlowingPortal
FN:8,(anonymous_2)
FN:16,(anonymous_3)
FN:34,(anonymous_4)
FN:110,(anonymous_5)
FNF:5
FNH:0
FNDA:0,GlowingPortal
FNDA:0,(anonymous_2)
FNDA:0,(anonymous_3)
FNDA:0,(anonymous_4)
FNDA:0,(anonymous_5)
DA:3,0
DA:5,0
DA:6,0
DA:8,0
DA:9,0
DA:10,0
DA:12,0
DA:13,0
DA:16,0
DA:17,0
DA:18,0
DA:20,0
DA:21,0
DA:23,0
DA:26,0
DA:27,0
DA:31,0
DA:34,0
DA:35,0
DA:36,0
DA:37,0
DA:38,0
DA:41,0
DA:44,0
DA:45,0
DA:48,0
DA:57,0
DA:58,0
DA:59,0
DA:60,0
DA:62,0
DA:63,0
DA:64,0
DA:65,0
DA:68,0
DA:69,0
DA:70,0
DA:71,0
DA:72,0
DA:75,0
DA:77,0
DA:78,0
DA:79,0
DA:81,0
DA:82,0
DA:83,0
DA:84,0
DA:87,0
DA:88,0
DA:89,0
DA:91,0
DA:92,0
DA:94,0
DA:95,0
DA:97,0
DA:98,0
DA:99,0
DA:100,0
DA:104,0
DA:105,0
DA:108,0
DA:110,0
DA:111,0
DA:112,0
LF:64
LH:0
BRDA:10,0,0,0
BRDA:13,1,0,0
BRDA:17,2,0,0
BRDA:17,2,1,0
BRF:4
BRH:0
end_of_record
TN:
SF:components/gravitational-lensing.tsx
FN:81,GravitationalLensing
FN:90,(anonymous_5)
FN:100,(anonymous_6)
FNF:3
FNH:0
FNDA:0,GravitationalLensing
FNDA:0,(anonymous_5)
FNDA:0,(anonymous_6)
DA:3,0
DA:4,0
DA:5,0
DA:6,0
DA:10,0
DA:64,0
DA:81,0
DA:86,0
DA:87,0
DA:90,0
DA:91,0
DA:92,0
DA:93,0
DA:94,0
DA:95,0
DA:100,0
DA:101,0
LF:17
LH:0
BRDA:91,0,0,0
BRF:1
BRH:0
end_of_record
TN:
SF:components/landing-page.tsx
FN:13,LandingPage
FN:32,(anonymous_3)
FN:34,(anonymous_4)
FN:57,(anonymous_5)
FN:66,(anonymous_6)
FN:83,(anonymous_7)
FN:89,(anonymous_8)
FN:113,(anonymous_9)
FN:127,(anonymous_10)
FN:129,(anonymous_11)
FN:130,(anonymous_12)
FNF:11
FNH:0
FNDA:0,LandingPage
FNDA:0,(anonymous_3)
FNDA:0,(anonymous_4)
FNDA:0,(anonymous_5)
FNDA:0,(anonymous_6)
FNDA:0,(anonymous_7)
FNDA:0,(anonymous_8)
FNDA:0,(anonymous_9)
FNDA:0,(anonymous_10)
FNDA:0,(anonymous_11)
FNDA:0,(anonymous_12)
DA:3,0
DA:4,0
DA:5,0
DA:6,0
DA:7,0
DA:8,0
DA:9,0
DA:10,0
DA:11,0
DA:13,0
DA:15,0
DA:16,0
DA:19,0
DA:22,0
DA:23,0
DA:24,0
DA:25,0
DA:26,0
DA:29,0
DA:32,0
DA:34,0
DA:36,0
DA:37,0
DA:40,0
DA:44,0
DA:46,0
DA:47,0
DA:48,0
DA:49,0
DA:53,0
DA:57,0
DA:59,0
DA:61,0
DA:63,0
DA:66,0
DA:68,0
DA:71,0
DA:72,0
DA:75,0
DA:78,0
DA:79,0
DA:83,0
DA:84,0
DA:89,0
DA:91,0
DA:94,0
DA:96,0
DA:99,0
DA:103,0
DA:107,0
DA:110,0
DA:113,0
DA:114,0
DA:116,0
DA:117,0
DA:120,0
DA:121,0
DA:127,0
DA:129,0
DA:130,0
DA:133,0
DA:136,0
DA:137,0
DA:138,0
DA:139,0
DA:141,0
LF:66
LH:0
BRDA:40,0,0,0
BRDA:40,0,1,0
BRDA:44,1,0,0
BRDA:44,1,1,0
BRDA:46,2,0,0
BRDA:46,2,1,0
BRDA:46,3,0,0
BRDA:46,3,1,0
BRDA:46,3,2,0
BRDA:48,4,0,0
BRDA:78,5,0,0
BRDA:94,6,0,0
BRDA:116,7,0,0
BRDA:120,8,0,0
BRDA:212,9,0,0
BRDA:212,9,1,0
BRDA:224,10,0,0
BRDA:224,10,1,0
BRF:18
BRH:0
end_of_record
TN:
SF:components/note-interface.tsx
FN:7,NoteInterface
FN:120,(anonymous_2)
FN:126,(anonymous_3)
FNF:3
FNH:0
FNDA:0,NoteInterface
FNDA:0,(anonymous_2)
FNDA:0,(anonymous_3)
DA:3,0
DA:4,0
DA:5,0
DA:7,0
DA:8,0
DA:9,0
DA:12,0
DA:121,0
DA:127,0
LF:9
LH:0
BRDA:131,0,0,0
BRDA:131,0,1,0
BRDA:132,1,0,0
BRDA:132,1,1,0
BRF:4
BRH:0
end_of_record
TN:
SF:components/space-environment.tsx
FN:7,SpaceEnvironment
FN:10,(anonymous_2)
FNF:2
FNH:0
FNDA:0,SpaceEnvironment
FNDA:0,(anonymous_2)
DA:3,0
DA:4,0
DA:5,0
DA:7,0
DA:8,0
DA:10,0
DA:11,0
DA:12,0
LF:8
LH:0
BRDA:11,0,0,0
BRF:1
BRH:0
end_of_record
TN:
SF:components/testimonial-section.tsx
FN:1,TestimonialSection
FN:37,(anonymous_2)
FNF:2
FNH:0
FNDA:0,TestimonialSection
FNDA:0,(anonymous_2)
DA:1,0
DA:2,0
DA:38,0
LF:3
LH:0
BRF:0
BRH:0
end_of_record
TN:
SF:components/theme-provider.tsx
FN:7,ThemeProvider
FN:11,(anonymous_5)
FNF:2
FNH:0
FNDA:0,ThemeProvider
FNDA:0,(anonymous_5)
DA:3,0
DA:4,0
DA:7,0
DA:8,0
DA:11,0
DA:12,0
DA:15,0
LF:7
LH:0
BRDA:15,0,0,0
BRF:1
BRH:0
end_of_record
TN:
SF:components/ui/accordion.tsx
FNF:0
FNH:0
DA:3,0
DA:4,0
DA:5,0
DA:7,0
DA:9,0
DA:17,0
DA:37,0
DA:52,0
DA:54,0
LF:9
LH:0
BRF:0
BRH:0
end_of_record
TN:
SF:components/ui/alert-dialog.tsx
FNF:0
FNH:0
DA:3,0
DA:4,0
DA:6,0
DA:7,0
DA:9,0
DA:11,0
DA:13,0
DA:28,0
DA:46,0
DA:51,0
DA:59,0
DA:71,0
DA:83,0
DA:91,0
DA:103,0
DA:106,0
DA:107,0
DA:108,0
DA:109,0
DA:110,0
DA:111,0
DA:112,0
DA:113,0
DA:114,0
DA:115,0
DA:116,0
LF:26
LH:0
BRF:0
BRH:0
end_of_record
TN:
SF:components/ui/alert.tsx
FNF:0
FNH:0
DA:1,0
DA:2,0
DA:4,0
DA:6,0
DA:28,0
DA:39,0
DA:47,0
DA:49,0
LF:8
LH:0
BRF:0
BRH:0
end_of_record
TN:
SF:components/ui/aspect-ratio.tsx
FNF:0
FNH:0
DA:3,0
DA:5,0
DA:7,0
LF:3
LH:0
BRF:0
BRH:0
end_of_record
TN:
SF:components/ui/avatar.tsx
FNF:0
FNH:0
DA:3,0
DA:4,0
DA:6,0
DA:18,0
DA:30,0
DA:45,0
DA:47,0
LF:7
LH:0
BRF:0
BRH:0
end_of_record
TN:
SF:components/ui/badge.tsx
FN:29,Badge
FNF:1
FNH:0
FNDA:0,Badge
DA:1,0
DA:2,0
DA:4,0
DA:6,0
DA:33,0
LF:5
LH:0
BRF:0
BRH:0
end_of_record
TN:
SF:components/ui/breadcrumb.tsx
FN:41,(anonymous_14)
FNF:1
FNH:0
FNDA:0,(anonymous_14)
DA:1,0
DA:2,0
DA:3,0
DA:5,0
DA:13,0
DA:27,0
DA:34,0
DA:36,0
DA:42,0
DA:52,0
DA:66,0
DA:78,0
DA:91,0
DA:94,0
DA:95,0
DA:96,0
DA:97,0
DA:98,0
DA:99,0
DA:100,0
LF:20
LH:0
BRDA:42,0,0,0
BRDA:42,0,1,0
BRDA:75,1,0,0
BRDA:75,1,1,0
BRF:4
BRH:0
end_of_record
TN:
SF:components/ui/button.tsx
FN:40,(anonymous_6)
FNF:1
FNH:0
FNDA:0,(anonymous_6)
DA:1,0
DA:2,0
DA:3,0
DA:5,0
DA:7,0
DA:39,0
DA:41,0
DA:47,0
DA:49,0
LF:9
LH:0
BRDA:40,0,0,0
BRDA:41,1,0,0
BRDA:41,1,1,0
BRF:3
BRH:0
end_of_record
TN:
SF:components/ui/calendar.tsx
FN:12,Calendar
FNF:1
FNH:0
FNDA:0,Calendar
DA:3,0
DA:4,0
DA:5,0
DA:7,0
DA:8,0
DA:57,0
DA:59,0
LF:7
LH:0
BRDA:12,0,0,0
BRF:1
BRH:0
end_of_record
TN:
SF:components/ui/card.tsx
FNF:0
FNH:0
DA:1,0
DA:3,0
DA:14,0
DA:21,0
DA:32,0
DA:40,0
DA:47,0
DA:54,0
DA:56,0
LF:9
LH:0
BRF:0
BRH:0
end_of_record
TN:
SF:components/ui/carousel.tsx
FN:33,useCarousel
FN:46,(anonymous_11)
FN:57,(anonymous_12)
FN:66,(anonymous_13)
FN:70,(anonymous_14)
FN:75,(anonymous_15)
FN:87,(anonymous_16)
FN:95,(anonymous_17)
FN:104,(anonymous_18)
FN:138,(anonymous_19)
FN:159,(anonymous_20)
FN:180,(anonymous_21)
FN:208,(anonymous_22)
FNF:13
FNH:0
FNDA:0,useCarousel
FNDA:0,(anonymous_11)
FNDA:0,(anonymous_12)
FNDA:0,(anonymous_13)
FNDA:0,(anonymous_14)
FNDA:0,(anonymous_15)
FNDA:0,(anonymous_16)
FNDA:0,(anonymous_17)
FNDA:0,(anonymous_18)
FNDA:0,(anonymous_19)
FNDA:0,(anonymous_20)
FNDA:0,(anonymous_21)
FNDA:0,(anonymous_22)
DA:3,0
DA:4,0
DA:5,0
DA:7,0
DA:8,0
DA:31,0
DA:34,0
DA:36,0
DA:37,0
DA:40,0
DA:43,0
DA:47,0
DA:54,0
DA:55,0
DA:57,0
DA:58,0
DA:59,0
DA:62,0
DA:63,0
DA:66,0
DA:67,0
DA:70,0
DA:71,0
DA:74,0
DA:76,0
DA:77,0
DA:78,0
DA:79,0
DA:80,0
DA:81,0
DA:87,0
DA:88,0
DA:89,0
DA:92,0
DA:95,0
DA:96,0
DA:97,0
DA:100,0
DA:101,0
DA:102,0
DA:104,0
DA:105,0
DA:135,0
DA:137,0
DA:139,0
DA:156,0
DA:158,0
DA:160,0
DA:177,0
DA:179,0
DA:181,0
DA:205,0
DA:207,0
DA:209,0
DA:233,0
DA:235,0
LF:56
LH:0
BRDA:36,0,0,0
BRDA:46,1,0,0
BRDA:50,2,0,0
BRDA:50,2,1,0
BRDA:58,3,0,0
BRDA:76,4,0,0
BRDA:76,4,1,0
BRDA:79,5,0,0
BRDA:88,6,0,0
BRDA:88,7,0,0
BRDA:88,7,1,0
BRDA:96,8,0,0
BRDA:115,9,0,0
BRDA:115,9,1,0
BRDA:115,10,0,0
BRDA:115,10,1,0
BRDA:147,11,0,0
BRDA:147,11,1,0
BRDA:169,12,0,0
BRDA:169,12,1,0
BRDA:180,13,0,0
BRDA:180,14,0,0
BRDA:190,15,0,0
BRDA:190,15,1,0
BRDA:208,16,0,0
BRDA:208,17,0,0
BRDA:218,18,0,0
BRDA:218,18,1,0
BRF:28
BRH:0
end_of_record
TN:
SF:components/ui/chart.tsx
FN:27,useChart
FN:43,(anonymous_11)
FN:66,(anonymous_12)
FN:67,(anonymous_13)
FN:78,(anonymous_14)
FN:81,(anonymous_15)
FN:108,(anonymous_16)
FN:128,(anonymous_17)
FN:170,(anonymous_18)
FN:250,(anonymous_19)
FN:266,(anonymous_20)
FN:297,getPayloadConfigFromPayload
FNF:12
FNH:0
FNDA:0,useChart
FNDA:0,(anonymous_11)
FNDA:0,(anonymous_12)
FNDA:0,(anonymous_13)
FNDA:0,(anonymous_14)
FNDA:0,(anonymous_15)
FNDA:0,(anonymous_16)
FNDA:0,(anonymous_17)
FNDA:0,(anonymous_18)
FNDA:0,(anonymous_19)
FNDA:0,(anonymous_20)
FNDA:0,getPayloadConfigFromPayload
DA:3,0
DA:4,0
DA:6,0
DA:9,0
DA:25,0
DA:28,0
DA:30,0
DA:31,0
DA:34,0
DA:37,0
DA:44,0
DA:45,0
DA:64,0
DA:66,0
DA:67,0
DA:69,0
DA:70,0
DA:78,0
DA:82,0
DA:83,0
DA:95,0
DA:97,0
DA:126,0
DA:128,0
DA:129,0
DA:130,0
DA:133,0
DA:134,0
DA:135,0
DA:137,0
DA:141,0
DA:147,0
DA:148,0
DA:154,0
DA:155,0
DA:158,0
DA:171,0
DA:172,0
DA:173,0
DA:175,0
DA:239,0
DA:241,0
DA:243,0
DA:251,0
DA:253,0
DA:254,0
DA:267,0
DA:268,0
DA:270,0
DA:294,0
DA:298,0
DA:299,0
DA:303,0
DA:307,0
DA:309,0
DA:310,0
DA:311,0
DA:316,0
DA:319,0
DA:323,0
DA:324,0
DA:325,0
DA:326,0
DA:327,0
DA:328,0
LF:65
LH:0
BRDA:30,0,0,0
BRDA:45,1,0,0
BRDA:45,1,1,0
BRDA:67,2,0,0
BRDA:67,2,1,0
BRDA:69,3,0,0
BRDA:82,4,0,0
BRDA:82,4,1,0
BRDA:83,5,0,0
BRDA:83,5,1,0
BRDA:113,6,0,0
BRDA:114,7,0,0
BRDA:115,8,0,0
BRDA:129,9,0,0
BRDA:129,10,0,0
BRDA:129,10,1,0
BRDA:134,11,0,0
BRDA:134,11,1,0
BRDA:134,11,2,0
BRDA:134,11,3,0
BRDA:137,12,0,0
BRDA:137,12,1,0
BRDA:137,13,0,0
BRDA:137,13,1,0
BRDA:138,14,0,0
BRDA:138,14,1,0
BRDA:141,15,0,0
BRDA:147,16,0,0
BRDA:154,17,0,0
BRDA:154,18,0,0
BRDA:154,18,1,0
BRDA:158,19,0,0
BRDA:158,19,1,0
BRDA:168,20,0,0
BRDA:168,20,1,0
BRDA:171,21,0,0
BRDA:171,21,1,0
BRDA:171,21,2,0
BRDA:171,21,3,0
BRDA:173,22,0,0
BRDA:173,22,1,0
BRDA:173,22,2,0
BRDA:180,23,0,0
BRDA:180,23,1,0
BRDA:184,24,0,0
BRDA:183,25,0,0
BRDA:183,25,1,0
BRDA:183,25,2,0
BRDA:188,26,0,0
BRDA:190,27,0,0
BRDA:199,28,0,0
BRDA:199,28,1,0
BRDA:214,29,0,0
BRDA:214,29,1,0
BRDA:218,30,0,0
BRDA:218,30,1,0
BRDA:220,31,0,0
BRDA:220,31,1,0
BRDA:223,32,0,0
BRDA:250,33,0,0
BRDA:250,34,0,0
BRDA:253,35,0,0
BRDA:262,36,0,0
BRDA:262,36,1,0
BRDA:267,37,0,0
BRDA:267,37,1,0
BRDA:267,37,2,0
BRDA:278,38,0,0
BRDA:277,39,0,0
BRDA:277,39,1,0
BRDA:298,40,0,0
BRDA:298,41,0,0
BRDA:298,41,1,0
BRDA:303,42,0,0
BRDA:303,42,1,0
BRDA:303,43,0,0
BRDA:303,43,1,0
BRDA:303,43,2,0
BRDA:309,44,0,0
BRDA:309,44,1,0
BRDA:309,45,0,0
BRDA:309,45,1,0
BRDA:311,46,0,0
BRDA:312,47,0,0
BRDA:312,47,1,0
BRDA:312,47,2,0
BRDA:319,48,0,0
BRDA:319,48,1,0
BRF:88
BRH:0
end_of_record
TN:
SF:components/ui/checkbox.tsx
FNF:0
FNH:0
DA:3,0
DA:4,0
DA:5,0
DA:7,0
DA:26,0
DA:28,0
LF:6
LH:0
BRF:0
BRH:0
end_of_record
TN:
SF:components/ui/collapsible.tsx
FNF:0
FNH:0
DA:3,0
DA:5,0
DA:7,0
DA:9,0
DA:11,0
LF:5
LH:0
BRF:0
BRH:0
end_of_record
TN:
SF:components/ui/command.tsx
FN:26,(anonymous_14)
FN:123,(anonymous_21)
FNF:2
FNH:0
FNDA:0,(anonymous_14)
FNDA:0,(anonymous_21)
DA:3,0
DA:5,0
DA:6,0
DA:8,0
DA:9,0
DA:24,0
DA:26,0
DA:55,0
DA:68,0
DA:77,0
DA:93,0
DA:105,0
DA:121,0
DA:123,0
DA:131,0
DA:134,0
DA:135,0
DA:136,0
DA:137,0
DA:138,0
DA:139,0
DA:140,0
DA:141,0
DA:142,0
LF:24
LH:0
BRF:0
BRH:0
end_of_record
TN:
SF:components/ui/context-menu.tsx
FN:163,(anonymous_27)
FNF:1
FNH:0
FNDA:0,(anonymous_27)
DA:3,0
DA:4,0
DA:5,0
DA:7,0
DA:9,0
DA:11,0
DA:13,0
DA:15,0
DA:17,0
DA:19,0
DA:40,0
DA:55,0
DA:72,0
DA:90,0
DA:113,0
DA:135,0
DA:149,0
DA:161,0
DA:163,0
DA:171,0
DA:174,0
DA:175,0
DA:176,0
DA:177,0
DA:178,0
DA:179,0
DA:180,0
DA:181,0
DA:182,0
DA:183,0
DA:184,0
DA:185,0
DA:186,0
DA:187,0
DA:188,0
LF:35
LH:0
BRDA:31,0,0,0
BRDA:31,0,1,0
BRDA:84,1,0,0
BRDA:84,1,1,0
BRDA:145,2,0,0
BRDA:145,2,1,0
BRF:6
BRH:0
end_of_record
TN:
SF:components/ui/dialog.tsx
FNF:0
FNH:0
DA:3,0
DA:4,0
DA:5,0
DA:7,0
DA:9,0
DA:11,0
DA:13,0
DA:15,0
DA:30,0
DA:54,0
DA:59,0
DA:67,0
DA:79,0
DA:91,0
DA:94,0
DA:95,0
DA:96,0
DA:97,0
DA:98,0
DA:99,0
DA:100,0
DA:101,0
DA:102,0
DA:103,0
LF:24
LH:0
BRF:0
BRH:0
end_of_record
TN:
SF:components/ui/drawer.tsx
FNF:0
FNH:0
DA:3,0
DA:4,0
DA:6,0
DA:14,0
DA:16,0
DA:18,0
DA:20,0
DA:32,0
DA:53,0
DA:58,0
DA:63,0
DA:75,0
DA:87,0
DA:90,0
DA:91,0
DA:92,0
DA:93,0
DA:94,0
DA:95,0
DA:96,0
DA:97,0
DA:98,0
DA:99,0
LF:23
LH:0
BRDA:9,0,0,0
BRF:1
BRH:0
end_of_record
TN:
SF:components/ui/dropdown-menu.tsx
FN:164,(anonymous_27)
FNF:1
FNH:0
FNDA:0,(anonymous_27)
DA:3,0
DA:4,0
DA:5,0
DA:7,0
DA:9,0
DA:11,0
DA:13,0
DA:15,0
DA:17,0
DA:19,0
DA:40,0
DA:55,0
DA:73,0
DA:91,0
DA:114,0
DA:136,0
DA:150,0
DA:162,0
DA:164,0
DA:167,0
DA:170,0
DA:171,0
DA:172,0
DA:173,0
DA:174,0
DA:175,0
DA:176,0
DA:177,0
DA:178,0
DA:179,0
DA:180,0
DA:181,0
DA:182,0
DA:183,0
DA:184,0
LF:35
LH:0
BRDA:31,0,0,0
BRDA:31,0,1,0
BRDA:60,1,0,0
BRDA:85,2,0,0
BRDA:85,2,1,0
BRDA:146,3,0,0
BRDA:146,3,1,0
BRF:7
BRH:0
end_of_record
TN:
SF:components/ui/form.tsx
FN:29,(anonymous_12)
FN:42,(anonymous_13)
FN:72,(anonymous_14)
FN:87,(anonymous_15)
FN:104,(anonymous_16)
FN:122,(anonymous_17)
FN:139,(anonymous_18)
FNF:7
FNH:0
FNDA:0,(anonymous_12)
FNDA:0,(anonymous_13)
FNDA:0,(anonymous_14)
FNDA:0,(anonymous_15)
FNDA:0,(anonymous_16)
FNDA:0,(anonymous_17)
FNDA:0,(anonymous_18)
DA:3,0
DA:5,0
DA:13,0
DA:15,0
DA:16,0
DA:18,0
DA:27,0
DA:29,0
DA:42,0
DA:43,0
DA:44,0
DA:45,0
DA:47,0
DA:49,0
DA:50,0
DA:53,0
DA:55,0
DA:69,0
DA:71,0
DA:73,0
DA:82,0
DA:84,0
DA:88,0
DA:99,0
DA:101,0
DA:105,0
DA:117,0
DA:119,0
DA:123,0
DA:134,0
DA:136,0
DA:140,0
DA:141,0
DA:143,0
DA:144,0
DA:158,0
DA:161,0
DA:162,0
DA:163,0
DA:164,0
DA:165,0
DA:166,0
DA:167,0
DA:168,0
LF:44
LH:0
BRDA:49,0,0,0
BRDA:93,1,0,0
BRDA:93,1,1,0
BRDA:111,2,0,0
BRDA:111,2,1,0
BRDA:141,3,0,0
BRDA:141,3,1,0
BRDA:143,4,0,0
BRF:8
BRH:0
end_of_record
TN:
SF:components/ui/hover-card.tsx
FNF:0
FNH:0
DA:3,0
DA:4,0
DA:6,0
DA:8,0
DA:10,0
DA:27,0
DA:29,0
LF:7
LH:0
BRDA:15,0,0,0
BRDA:15,1,0,0
BRF:2
BRH:0
end_of_record
TN:
SF:components/ui/input-otp.tsx
FN:36,(anonymous_10)
FNF:1
FNH:0
FNDA:0,(anonymous_10)
DA:3,0
DA:4,0
DA:5,0
DA:7,0
DA:23,0
DA:31,0
DA:33,0
DA:37,0
DA:38,0
DA:59,0
DA:69,0
DA:71,0
LF:12
LH:0
BRDA:45,0,0,0
BRDA:45,0,1,0
BRDA:51,1,0,0
BRF:3
BRH:0
end_of_record
TN:
SF:components/ui/input.tsx
FN:6,(anonymous_4)
FNF:1
FNH:0
FNDA:0,(anonymous_4)
DA:1,0
DA:3,0
DA:5,0
DA:20,0
DA:22,0
LF:5
LH:0
BRF:0
BRH:0
end_of_record
TN:
SF:components/ui/label.tsx
FNF:0
FNH:0
DA:3,0
DA:4,0
DA:5,0
DA:7,0
DA:9,0
DA:19,0
DA:21,0
LF:7
LH:0
BRF:0
BRH:0
end_of_record
TN:
SF:components/ui/menubar.tsx
FN:194,(anonymous_30)
FNF:1
FNH:0
FNDA:0,(anonymous_30)
DA:3,0
DA:4,0
DA:5,0
DA:7,0
DA:9,0
DA:11,0
DA:13,0
DA:15,0
DA:17,0
DA:32,0
DA:47,0
DA:68,0
DA:83,0
DA:103,0
DA:121,0
DA:144,0
DA:166,0
DA:180,0
DA:192,0
DA:194,0
DA:202,0
DA:205,0
DA:206,0
DA:207,0
DA:208,0
DA:209,0
DA:210,0
DA:211,0
DA:212,0
DA:213,0
DA:214,0
DA:215,0
DA:216,0
DA:217,0
DA:218,0
DA:219,0
DA:220,0
LF:37
LH:0
BRDA:59,0,0,0
BRDA:59,0,1,0
BRDA:88,1,0,0
BRDA:88,2,0,0
BRDA:88,3,0,0
BRDA:115,4,0,0
BRDA:115,4,1,0
BRDA:176,5,0,0
BRDA:176,5,1,0
BRF:9
BRH:0
end_of_record
TN:
SF:components/ui/navigation-menu.tsx
FNF:0
FNH:0
DA:1,0
DA:2,0
DA:3,0
DA:4,0
DA:6,0
DA:21,0
DA:33,0
DA:35,0
DA:37,0
DA:57,0
DA:72,0
DA:74,0
DA:91,0
DA:108,0
DA:111,0
DA:112,0
DA:113,0
DA:114,0
DA:115,0
DA:116,0
DA:117,0
DA:118,0
DA:119,0
LF:23
LH:0
BRF:0
BRH:0
end_of_record
TN:
SF:components/ui/pagination.tsx
FNF:0
FNH:0
DA:1,0
DA:2,0
DA:4,0
DA:5,0
DA:15,0
DA:22,0
DA:27,0
DA:47,0
DA:63,0
DA:76,0
DA:88,0
DA:91,0
DA:92,0
DA:93,0
DA:94,0
DA:95,0
DA:96,0
DA:97,0
LF:18
LH:0
BRDA:34,0,0,0
BRDA:36,1,0,0
BRDA:36,1,1,0
BRDA:39,2,0,0
BRDA:39,2,1,0
BRF:5
BRH:0
end_of_record
TN:
SF:components/ui/popover.tsx
FNF:0
FNH:0
DA:3,0
DA:4,0
DA:6,0
DA:8,0
DA:10,0
DA:29,0
DA:31,0
LF:7
LH:0
BRDA:15,0,0,0
BRDA:15,1,0,0
BRF:2
BRH:0
end_of_record
TN:
SF:components/ui/progress.tsx
FNF:0
FNH:0
DA:3,0
DA:4,0
DA:6,0
DA:23,0
DA:25,0
LF:5
LH:0
BRDA:19,0,0,0
BRDA:19,0,1,0
BRF:2
BRH:0
end_of_record
TN:
SF:components/ui/radio-group.tsx
FN:12,(anonymous_6)
FN:20,(anonymous_7)
FNF:2
FNH:0
FNDA:0,(anonymous_6)
FNDA:0,(anonymous_7)
DA:3,0
DA:4,0
DA:5,0
DA:7,0
DA:9,0
DA:15,0
DA:17,0
DA:36,0
DA:38,0
LF:9
LH:0
BRF:0
BRH:0
end_of_record
TN:
SF:components/ui/resizable.tsx
FNF:0
FNH:0
DA:3,0
DA:4,0
DA:6,0
DA:18,0
DA:42,0
LF:5
LH:0
BRDA:34,0,0,0
BRF:1
BRH:0
end_of_record
TN:
SF:components/ui/scroll-area.tsx
FNF:0
FNH:0
DA:3,0
DA:4,0
DA:6,0
DA:24,0
DA:44,0
DA:46,0
LF:6
LH:0
BRDA:29,0,0,0
BRDA:35,1,0,0
BRDA:35,1,1,0
BRDA:36,2,0,0
BRDA:36,2,1,0
BRF:5
BRH:0
end_of_record
TN:
SF:components/ui/select.tsx
FNF:0
FNH:0
DA:3,0
DA:4,0
DA:5,0
DA:7,0
DA:9,0
DA:11,0
DA:13,0
DA:33,0
DA:47,0
DA:61,0
DA:93,0
DA:105,0
DA:128,0
DA:140,0
DA:143,0
DA:144,0
DA:145,0
DA:146,0
DA:147,0
DA:148,0
DA:149,0
DA:150,0
DA:151,0
DA:152,0
LF:24
LH:0
BRDA:66,0,0,0
BRDA:72,1,0,0
BRDA:72,1,1,0
BRDA:83,2,0,0
BRDA:83,2,1,0
BRF:5
BRH:0
end_of_record
TN:
SF:components/ui/separator.tsx
FNF:0
FNH:0
DA:3,0
DA:4,0
DA:6,0
DA:24,0
DA:26,0
LF:5
LH:0
BRDA:11,0,0,0
BRDA:11,1,0,0
BRDA:18,2,0,0
BRDA:18,2,1,0
BRF:4
BRH:0
end_of_record
TN:
SF:components/ui/sheet.tsx
FNF:0
FNH:0
DA:3,0
DA:4,0
DA:5,0
DA:6,0
DA:8,0
DA:10,0
DA:12,0
DA:14,0
DA:16,0
DA:31,0
DA:33,0
DA:71,0
DA:76,0
DA:84,0
DA:96,0
DA:108,0
DA:111,0
DA:112,0
DA:113,0
DA:114,0
DA:115,0
DA:116,0
DA:117,0
DA:118,0
DA:119,0
DA:120,0
LF:26
LH:0
BRDA:59,0,0,0
BRF:1
BRH:0
end_of_record
TN:
SF:components/ui/sidebar.tsx
FN:36,useSidebar
FN:53,(anonymous_29)
FN:73,(anonymous_30)
FN:88,(anonymous_31)
FN:89,(anonymous_32)
FN:89,(anonymous_33)
FN:93,(anonymous_34)
FN:94,(anonymous_35)
FN:102,(anonymous_36)
FN:110,(anonymous_37)
FN:157,(anonymous_38)
FN:255,(anonymous_39)
FN:265,(anonymous_40)
FN:279,(anonymous_41)
FN:307,(anonymous_42)
FN:326,(anonymous_43)
FN:342,(anonymous_44)
FN:356,(anonymous_45)
FN:372,(anonymous_46)
FN:385,(anonymous_47)
FN:402,(anonymous_48)
FN:418,(anonymous_49)
FN:439,(anonymous_50)
FN:525,(anonymous_54)
FN:582,(anonymous_55)
FN:632,(anonymous_57)
FN:634,(anonymous_58)
FN:688,(anonymous_61)
FNF:28
FNH:0
FNDA:0,useSidebar
FNDA:0,(anonymous_29)
FNDA:0,(anonymous_30)
FNDA:0,(anonymous_31)
FNDA:0,(anonymous_32)
FNDA:0,(anonymous_33)
FNDA:0,(anonymous_34)
FNDA:0,(anonymous_35)
FNDA:0,(anonymous_36)
FNDA:0,(anonymous_37)
FNDA:0,(anonymous_38)
FNDA:0,(anonymous_39)
FNDA:0,(anonymous_40)
FNDA:0,(anonymous_41)
FNDA:0,(anonymous_42)
FNDA:0,(anonymous_43)
FNDA:0,(anonymous_44)
FNDA:0,(anonymous_45)
FNDA:0,(anonymous_46)
FNDA:0,(anonymous_47)
FNDA:0,(anonymous_48)
FNDA:0,(anonymous_49)
FNDA:0,(anonymous_50)
FNDA:0,(anonymous_54)
FNDA:0,(anonymous_55)
FNDA:0,(anonymous_57)
FNDA:0,(anonymous_58)
FNDA:0,(anonymous_61)
DA:3,0
DA:4,0
DA:5,0
DA:6,0
DA:8,0
DA:9,0
DA:10,0
DA:11,0
DA:12,0
DA:13,0
DA:14,0
DA:15,0
DA:17,0
DA:18,0
DA:19,0
DA:20,0
DA:21,0
DA:22,0
DA:34,0
DA:37,0
DA:38,0
DA:39,0
DA:42,0
DA:45,0
DA:65,0
DA:66,0
DA:70,0
DA:71,0
DA:72,0
DA:74,0
DA:75,0
DA:76,0
DA:78,0
DA:82,0
DA:88,0
DA:89,0
DA:93,0
DA:94,0
DA:95,0
DA:96,0
DA:97,0
DA:101,0
DA:102,0
DA:107,0
DA:109,0
DA:110,0
DA:147,0
DA:149,0
DA:168,0
DA:170,0
DA:185,0
DA:250,0
DA:252,0
DA:256,0
DA:266,0
DA:267,0
DA:276,0
DA:278,0
DA:280,0
DA:304,0
DA:306,0
DA:321,0
DA:323,0
DA:339,0
DA:341,0
DA:353,0
DA:355,0
DA:367,0
DA:369,0
DA:382,0
DA:384,0
DA:399,0
DA:401,0
DA:413,0
DA:415,0
DA:419,0
DA:434,0
DA:436,0
DA:440,0
DA:457,0
DA:469,0
DA:481,0
DA:493,0
DA:495,0
DA:517,0
DA:537,0
DA:538,0
DA:551,0
DA:552,0
DA:555,0
DA:556,0
DA:574,0
DA:576,0
DA:583,0
DA:605,0
DA:625,0
DA:627,0
DA:634,0
DA:635,0
DA:658,0
DA:674,0
DA:679,0
DA:681,0
DA:689,0
DA:709,0
DA:712,0
DA:713,0
DA:714,0
DA:715,0
DA:716,0
DA:717,0
DA:718,0
DA:719,0
DA:720,0
DA:721,0
DA:722,0
DA:723,0
DA:724,0
DA:725,0
DA:726,0
DA:727,0
DA:728,0
DA:729,0
DA:730,0
DA:731,0
DA:732,0
DA:733,0
DA:734,0
DA:735,0
LF:129
LH:0
BRDA:38,0,0,0
BRDA:55,1,0,0
BRDA:71,2,0,0
BRDA:71,2,1,0
BRDA:74,3,0,0
BRDA:74,3,1,0
BRDA:75,4,0,0
BRDA:75,4,1,0
BRDA:89,5,0,0
BRDA:89,5,1,0
BRDA:95,6,0,0
BRDA:95,7,0,0
BRDA:95,7,1,0
BRDA:95,7,2,0
BRDA:107,8,0,0
BRDA:107,8,1,0
BRDA:159,9,0,0
BRDA:160,10,0,0
BRDA:161,11,0,0
BRDA:170,12,0,0
BRDA:185,13,0,0
BRDA:210,14,0,0
BRDA:210,14,1,0
BRDA:220,15,0,0
BRDA:220,15,1,0
BRDA:220,16,0,0
BRDA:220,16,1,0
BRDA:228,17,0,0
BRDA:228,17,1,0
BRDA:232,18,0,0
BRDA:232,18,1,0
BRDA:232,19,0,0
BRDA:232,19,1,0
BRDA:418,20,0,0
BRDA:419,21,0,0
BRDA:419,21,1,0
BRDA:439,22,0,0
BRDA:440,23,0,0
BRDA:440,23,1,0
BRDA:527,24,0,0
BRDA:528,25,0,0
BRDA:529,26,0,0
BRDA:530,27,0,0
BRDA:537,28,0,0
BRDA:537,28,1,0
BRDA:551,29,0,0
BRDA:555,30,0,0
BRDA:567,31,0,0
BRDA:567,31,1,0
BRDA:582,32,0,0
BRDA:582,33,0,0
BRDA:583,34,0,0
BRDA:583,34,1,0
BRDA:597,35,0,0
BRDA:597,35,1,0
BRDA:632,36,0,0
BRDA:645,37,0,0
BRDA:688,38,0,0
BRDA:688,39,0,0
BRDA:689,40,0,0
BRDA:689,40,1,0
BRDA:700,41,0,0
BRDA:700,41,1,0
BRDA:701,42,0,0
BRDA:701,42,1,0
BRF:65
BRH:0
end_of_record
TN:
SF:components/ui/skeleton.tsx
FN:3,Skeleton
FNF:1
FNH:0
FNDA:0,Skeleton
DA:1,0
DA:7,0
LF:2
LH:0
BRF:0
BRH:0
end_of_record
TN:
SF:components/ui/slider.tsx
FNF:0
FNH:0
DA:3,0
DA:4,0
DA:6,0
DA:23,0
DA:25,0
LF:5
LH:0
BRF:0
BRH:0
end_of_record
TN:
SF:components/ui/sonner.tsx
FN:8,(anonymous_1)
FNF:1
FNH:0
FNDA:0,(anonymous_1)
DA:3,0
DA:4,0
DA:8,0
DA:9,0
DA:29,0
LF:5
LH:0
BRDA:9,0,0,0
BRF:1
BRH:0
end_of_record
TN:
SF:components/ui/switch.tsx
FNF:0
FNH:0
DA:3,0
DA:4,0
DA:6,0
DA:27,0
DA:29,0
LF:5
LH:0
BRF:0
BRH:0
end_of_record
TN:
SF:components/ui/table.tsx
FNF:0
FNH:0
DA:1,0
DA:3,0
DA:12,0
DA:20,0
DA:28,0
DA:40,0
DA:54,0
DA:69,0
DA:81,0
DA:89,0
DA:91,0
LF:11
LH:0
BRF:0
BRH:0
end_of_record
TN:
SF:components/ui/tabs.tsx
FNF:0
FNH:0
DA:3,0
DA:4,0
DA:6,0
DA:8,0
DA:23,0
DA:38,0
DA:53,0
DA:55,0
LF:8
LH:0
BRF:0
BRH:0
end_of_record
TN:
SF:components/ui/textarea.tsx
FN:6,(anonymous_4)
FNF:1
FNH:0
FNDA:0,(anonymous_4)
DA:1,0
DA:3,0
DA:5,0
DA:19,0
DA:21,0
LF:5
LH:0
BRF:0
BRH:0
end_of_record
TN:
SF:components/ui/toast-notification.tsx
FN:18,Toast
FN:22,(anonymous_5)
FN:37,(anonymous_6)
FN:45,(anonymous_7)
FN:47,(anonymous_8)
FN:51,(anonymous_9)
FN:85,ToastContainer
FN:98,useToast
FN:101,(anonymous_12)
FN:103,(anonymous_13)
FN:103,(anonymous_14)
FN:107,(anonymous_15)
FN:108,(anonymous_16)
FN:108,(anonymous_17)
FN:113,(anonymous_19)
FNF:15
FNH:15
FNDA:15,Toast
FNDA:13,(anonymous_5)
FNDA:3,(anonymous_6)
FNDA:10,(anonymous_7)
FNDA:1,(anonymous_8)
FNDA:9,(anonymous_9)
FNDA:8,ToastContainer
FNDA:8,useToast
FNDA:4,(anonymous_12)
FNDA:4,(anonymous_13)
FNDA:1,(anonymous_14)
FNDA:1,(anonymous_15)
FNDA:1,(anonymous_16)
FNDA:1,(anonymous_17)
FNDA:5,(anonymous_19)
DA:3,1
DA:4,1
DA:18,8
DA:19,15
DA:22,15
DA:23,13
DA:25,5
DA:27,2
DA:29,1
DA:32,5
DA:37,15
DA:38,3
DA:39,3
DA:40,3
DA:45,15
DA:46,10
DA:47,9
DA:48,1
DA:51,9
DA:52,9
DA:57,15
DA:58,2
DA:85,0
DA:98,8
DA:99,8
DA:101,8
DA:102,4
DA:103,4
DA:104,4
DA:107,8
DA:108,1
DA:114,5
DA:119,8
LF:33
LH:32
BRDA:18,0,0,6
BRDA:18,1,0,12
BRDA:23,2,0,5
BRDA:23,2,1,2
BRDA:23,2,2,1
BRDA:23,2,3,5
BRDA:23,2,4,5
BRDA:39,3,0,3
BRDA:46,4,0,9
BRDA:57,5,0,2
BRF:10
BRH:10
end_of_record
TN:
SF:components/ui/toast.tsx
FN:46,(anonymous_12)
FNF:1
FNH:0
FNDA:0,(anonymous_12)
DA:3,0
DA:4,0
DA:5,0
DA:6,0
DA:8,0
DA:10,0
DA:25,0
DA:27,0
DA:43,0
DA:55,0
DA:70,0
DA:88,0
DA:96,0
DA:108,0
DA:117,0
DA:118,0
DA:119,0
DA:120,0
DA:121,0
DA:122,0
DA:123,0
LF:21
LH:0
BRF:0
BRH:0
end_of_record
TN:
SF:components/ui/toaster.tsx
FN:13,Toaster
FN:18,(anonymous_2)
FNF:2
FNH:0
FNDA:0,Toaster
FNDA:0,(anonymous_2)
DA:3,0
DA:11,0
DA:13,0
DA:14,0
DA:19,0
LF:5
LH:0
BRDA:22,0,0,0
BRDA:23,1,0,0
BRF:2
BRH:0
end_of_record
TN:
SF:components/ui/toggle-group.tsx
FN:35,(anonymous_7)
FNF:1
FNH:0
FNDA:0,(anonymous_7)
DA:3,0
DA:4,0
DA:7,0
DA:8,0
DA:10,0
DA:29,0
DA:31,0
DA:36,0
DA:55,0
DA:57,0
LF:10
LH:0
BRDA:43,0,0,0
BRDA:43,0,1,0
BRDA:44,1,0,0
BRDA:44,1,1,0
BRF:4
BRH:0
end_of_record
TN:
SF:components/ui/toggle.tsx
FNF:0
FNH:0
DA:3,0
DA:4,0
DA:5,0
DA:7,0
DA:9,0
DA:41,0
DA:43,0
LF:7
LH:0
BRF:0
BRH:0
end_of_record
TN:
SF:components/ui/tooltip.tsx
FNF:0
FNH:0
DA:3,0
DA:4,0
DA:6,0
DA:8,0
DA:10,0
DA:12,0
DA:28,0
DA:30,0
LF:8
LH:0
BRDA:17,0,0,0
BRF:1
BRH:0
end_of_record
TN:
SF:components/ui/use-mobile.tsx
FN:5,useIsMobile
FN:8,(anonymous_5)
FN:10,(anonymous_6)
FN:15,(anonymous_7)
FNF:4
FNH:0
FNDA:0,useIsMobile
FNDA:0,(anonymous_5)
FNDA:0,(anonymous_6)
FNDA:0,(anonymous_7)
DA:1,0
DA:3,0
DA:5,0
DA:6,0
DA:8,0
DA:9,0
DA:10,0
DA:11,0
DA:13,0
DA:14,0
DA:15,0
DA:18,0
LF:12
LH:0
BRF:0
BRH:0
end_of_record
TN:
SF:components/ui/use-toast.ts
FN:27,genId
FN:58,(anonymous_8)
FN:63,(anonymous_9)
FN:74,(anonymous_10)
FN:85,(anonymous_11)
FN:96,(anonymous_12)
FN:103,(anonymous_13)
FN:122,(anonymous_14)
FN:131,dispatch
FN:133,(anonymous_16)
FN:140,toast
FN:143,(anonymous_18)
FN:148,(anonymous_19)
FN:156,(anonymous_20)
FN:169,useToast
FN:172,(anonymous_22)
FN:174,(anonymous_23)
FN:185,(anonymous_24)
FNF:18
FNH:0
FNDA:0,genId
FNDA:0,(anonymous_8)
FNDA:0,(anonymous_9)
FNDA:0,(anonymous_10)
FNDA:0,(anonymous_11)
FNDA:0,(anonymous_12)
FNDA:0,(anonymous_13)
FNDA:0,(anonymous_14)
FNDA:0,dispatch
FNDA:0,(anonymous_16)
FNDA:0,toast
FNDA:0,(anonymous_18)
FNDA:0,(anonymous_19)
FNDA:0,(anonymous_20)
FNDA:0,useToast
FNDA:0,(anonymous_22)
FNDA:0,(anonymous_23)
FNDA:0,(anonymous_24)
DA:4,0
DA:8,0
DA:9,0
DA:18,0
DA:25,0
DA:28,0
DA:29,0
DA:56,0
DA:58,0
DA:59,0
DA:60,0
DA:63,0
DA:64,0
DA:65,0
DA:71,0
DA:74,0
DA:75,0
DA:77,0
DA:83,0
DA:85,0
DA:89,0
DA:93,0
DA:94,0
DA:96,0
DA:97,0
DA:101,0
DA:104,0
DA:114,0
DA:115,0
DA:120,0
DA:122,0
DA:127,0
DA:129,0
DA:132,0
DA:133,0
DA:134,0
DA:141,0
DA:143,0
DA:144,0
DA:148,0
DA:150,0
DA:157,0
DA:162,0
DA:170,0
DA:172,0
DA:173,0
DA:174,0
DA:175,0
DA:176,0
DA:177,0
DA:182,0
DA:185,0
DA:189,0
LF:53
LH:0
BRDA:59,0,0,0
BRDA:75,1,0,0
BRDA:75,1,1,0
BRDA:75,1,2,0
BRDA:75,1,3,0
BRDA:85,2,0,0
BRDA:85,2,1,0
BRDA:93,3,0,0
BRDA:93,3,1,0
BRDA:104,4,0,0
BRDA:104,4,1,0
BRDA:104,5,0,0
BRDA:104,5,1,0
BRDA:114,6,0,0
BRDA:157,7,0,0
BRDA:176,8,0,0
BRF:16
BRH:0
end_of_record
TN:
SF:hooks/use-debounce.ts
FN:11,useDebounce
FN:14,(anonymous_2)
FN:16,(anonymous_3)
FN:21,(anonymous_4)
FNF:4
FNH:4
FNDA:13,useDebounce
FNDA:10,(anonymous_2)
FNDA:3,(anonymous_3)
FNDA:10,(anonymous_4)
DA:3,1
DA:11,13
DA:12,13
DA:14,13
DA:16,10
DA:17,3
DA:21,10
DA:22,10
DA:26,13
LF:9
LH:9
BRF:0
BRH:0
end_of_record
TN:
SF:hooks/use-form-submit.ts
FN:28,useFormSubmit
FN:39,(anonymous_2)
FN:50,(anonymous_3)
FN:87,(anonymous_4)
FN:107,(anonymous_5)
FNF:5
FNH:5
FNDA:11,useFormSubmit
FNDA:4,(anonymous_2)
FNDA:4,(anonymous_3)
FNDA:1,(anonymous_4)
FNDA:1,(anonymous_5)
DA:3,1
DA:4,1
DA:5,1
DA:8,1
DA:28,11
DA:32,11
DA:39,11
DA:40,4
DA:47,4
DA:49,4
DA:51,4
DA:52,4
DA:54,3
DA:61,3
DA:63,3
DA:64,1
DA:67,3
DA:69,1
DA:71,1
DA:78,1
DA:80,1
DA:81,1
DA:84,1
DA:88,1
DA:90,1
DA:97,1
DA:98,1
DA:104,11
DA:108,1
LF:29
LH:29
BRDA:30,0,0,7
BRDA:63,1,0,1
BRDA:69,2,0,1
BRDA:69,2,1,0
BRDA:80,3,0,1
BRDA:97,4,0,1
BRF:6
BRH:5
end_of_record
TN:
SF:hooks/use-mobile.tsx
FN:5,useIsMobile
FN:8,(anonymous_5)
FN:10,(anonymous_6)
FN:15,(anonymous_7)
FNF:4
FNH:0
FNDA:0,useIsMobile
FNDA:0,(anonymous_5)
FNDA:0,(anonymous_6)
FNDA:0,(anonymous_7)
DA:1,0
DA:3,0
DA:5,0
DA:6,0
DA:8,0
DA:9,0
DA:10,0
DA:11,0
DA:13,0
DA:14,0
DA:15,0
DA:18,0
LF:12
LH:0
BRF:0
BRH:0
end_of_record
TN:
SF:hooks/use-toast.ts
FN:27,genId
FN:58,(anonymous_8)
FN:63,(anonymous_9)
FN:74,(anonymous_10)
FN:85,(anonymous_11)
FN:96,(anonymous_12)
FN:103,(anonymous_13)
FN:122,(anonymous_14)
FN:131,dispatch
FN:133,(anonymous_16)
FN:140,toast
FN:143,(anonymous_18)
FN:148,(anonymous_19)
FN:156,(anonymous_20)
FN:169,useToast
FN:172,(anonymous_22)
FN:174,(anonymous_23)
FN:185,(anonymous_24)
FNF:18
FNH:0
FNDA:0,genId
FNDA:0,(anonymous_8)
FNDA:0,(anonymous_9)
FNDA:0,(anonymous_10)
FNDA:0,(anonymous_11)
FNDA:0,(anonymous_12)
FNDA:0,(anonymous_13)
FNDA:0,(anonymous_14)
FNDA:0,dispatch
FNDA:0,(anonymous_16)
FNDA:0,toast
FNDA:0,(anonymous_18)
FNDA:0,(anonymous_19)
FNDA:0,(anonymous_20)
FNDA:0,useToast
FNDA:0,(anonymous_22)
FNDA:0,(anonymous_23)
FNDA:0,(anonymous_24)
DA:4,0
DA:8,0
DA:9,0
DA:18,0
DA:25,0
DA:28,0
DA:29,0
DA:56,0
DA:58,0
DA:59,0
DA:60,0
DA:63,0
DA:64,0
DA:65,0
DA:71,0
DA:74,0
DA:75,0
DA:77,0
DA:83,0
DA:85,0
DA:89,0
DA:93,0
DA:94,0
DA:96,0
DA:97,0
DA:101,0
DA:104,0
DA:114,0
DA:115,0
DA:120,0
DA:122,0
DA:127,0
DA:129,0
DA:132,0
DA:133,0
DA:134,0
DA:141,0
DA:143,0
DA:144,0
DA:148,0
DA:150,0
DA:157,0
DA:162,0
DA:170,0
DA:172,0
DA:173,0
DA:174,0
DA:175,0
DA:176,0
DA:177,0
DA:182,0
DA:185,0
DA:189,0
LF:53
LH:0
BRDA:59,0,0,0
BRDA:75,1,0,0
BRDA:75,1,1,0
BRDA:75,1,2,0
BRDA:75,1,3,0
BRDA:85,2,0,0
BRDA:85,2,1,0
BRDA:93,3,0,0
BRDA:93,3,1,0
BRDA:104,4,0,0
BRDA:104,4,1,0
BRDA:104,5,0,0
BRDA:104,5,1,0
BRDA:114,6,0,0
BRDA:157,7,0,0
BRDA:176,8,0,0
BRF:16
BRH:0
end_of_record
TN:
SF:lib/errors.ts
FN:14,(anonymous_8)
FN:35,(anonymous_9)
FN:51,(anonymous_10)
FN:64,(anonymous_11)
FN:77,(anonymous_12)
FN:92,tryCatch
FN:114,tryCatchSync
FNF:7
FNH:7
FNDA:9,(anonymous_8)
FNDA:1,(anonymous_9)
FNDA:4,(anonymous_10)
FNDA:1,(anonymous_11)
FNDA:1,(anonymous_12)
FNDA:7,tryCatch
FNDA:3,tryCatchSync
DA:4,3
DA:9,2
DA:18,9
DA:19,9
DA:20,9
DA:21,9
DA:22,9
DA:25,9
DA:26,9
DA:34,1
DA:39,1
DA:50,7
DA:52,4
DA:63,1
DA:65,1
DA:76,1
DA:78,1
DA:92,7
DA:96,7
DA:97,7
DA:99,3
DA:100,2
DA:102,1
DA:104,3
DA:114,3
DA:115,3
DA:116,3
DA:118,2
DA:119,1
DA:121,1
DA:123,2
LF:31
LH:31
BRDA:16,0,0,1
BRDA:20,1,0,9
BRDA:20,1,1,1
BRDA:21,2,0,9
BRDA:21,2,1,1
BRDA:25,3,0,9
BRDA:37,4,0,1
BRDA:40,5,0,1
BRDA:40,5,1,1
BRDA:41,6,0,1
BRDA:41,6,1,1
BRDA:51,7,0,1
BRDA:53,8,0,4
BRDA:53,8,1,1
BRDA:64,9,0,1
BRDA:66,10,0,1
BRDA:66,10,1,1
BRDA:77,11,0,1
BRDA:79,12,0,1
BRDA:79,12,1,1
BRDA:99,13,0,2
BRDA:99,13,1,1
BRDA:100,14,0,2
BRDA:100,14,1,0
BRDA:118,15,0,1
BRDA:118,15,1,1
BRDA:119,16,0,1
BRDA:119,16,1,0
BRF:28
BRH:26
end_of_record
TN:
SF:lib/form-validation.ts
FN:17,validateFormData
FN:22,(anonymous_5)
FN:56,submitContactForm
FN:70,(anonymous_7)
FNF:4
FNH:4
FNDA:5,validateFormData
FNDA:6,(anonymous_5)
FNDA:2,submitContactForm
FNDA:1,(anonymous_7)
DA:4,1
DA:5,1
DA:6,1
DA:9,1
DA:17,3
DA:18,5
DA:19,5
DA:21,3
DA:22,6
DA:27,3
DA:29,3
DA:35,0
DA:36,0
DA:43,2
DA:56,2
DA:57,2
DA:60,2
DA:62,1
DA:65,1
DA:70,1
DA:72,1
DA:74,0
DA:75,0
LF:23
LH:19
BRDA:21,0,0,3
BRF:1
BRH:1
end_of_record
TN:
SF:lib/logger.ts
FN:26,(anonymous_5)
FN:34,(anonymous_6)
FN:42,(anonymous_7)
FN:51,(anonymous_8)
FN:60,(anonymous_9)
FN:69,(anonymous_10)
FN:85,(anonymous_11)
FN:95,(anonymous_12)
FN:103,createLogger
FNF:9
FNH:9
FNDA:11,(anonymous_5)
FNDA:10,(anonymous_6)
FNDA:5,(anonymous_7)
FNDA:2,(anonymous_8)
FNDA:2,(anonymous_9)
FNDA:3,(anonymous_10)
FNDA:1,(anonymous_11)
FNDA:1,(anonymous_12)
FNDA:10,createLogger
DA:6,10
DA:15,1
DA:27,11
DA:28,11
DA:35,10
DA:36,10
DA:43,5
DA:44,3
DA:52,2
DA:53,1
DA:61,2
DA:62,2
DA:70,3
DA:72,3
DA:73,3
DA:76,3
DA:77,1
DA:86,1
DA:96,1
DA:103,9
DA:104,10
DA:108,1
LF:22
LH:22
BRDA:15,0,0,0
BRDA:15,0,1,1
BRDA:26,1,0,0
BRDA:27,2,0,11
BRDA:27,2,1,1
BRDA:28,3,0,9
BRDA:28,3,1,2
BRDA:43,4,0,3
BRDA:52,5,0,1
BRDA:61,6,0,2
BRDA:70,7,0,3
BRDA:72,8,0,1
BRDA:72,8,1,2
BRDA:76,9,0,1
BRDA:76,10,0,3
BRDA:76,10,1,1
BRDA:103,11,0,1
BRF:17
BRH:15
end_of_record
TN:
SF:lib/utils.ts
FN:4,cn
FNF:1
FNH:0
FNDA:0,cn
DA:1,0
DA:2,0
DA:4,0
DA:5,0
LF:4
LH:0
BRF:0
BRH:0
end_of_record
